Name     WidthMltplr SpacingMltplr TaperDist DriverTaperDist TaperOverPinLayers TaperUnderPinLayers DriverTaperOverPinLayers DriverTaperUnderPinLayers ParallelWireLayers
-------------------------------------------------------------------------------------------------------------------------------------------------------------------------
widthspace
         2           2

         --------------------------------------------------------------------------------------
         Layer     Width     ShieldWth ShieldSpc Snap2Trck RdlTaperDist RdlTaperWidth Mask
         --------------------------------------------------------------------------------------

         M1        0.10

                   ---------------------------------------
                   Index     Spacing   Weight    Threshold
                   ---------------------------------------
                   0         0.10      hard      0.00

         M2        0.11

                   ---------------------------------------
                   Index     Spacing   Weight    Threshold
                   ---------------------------------------
                   0         0.11      hard      0.00

         M3        0.11

                   ---------------------------------------
                   Index     Spacing   Weight    Threshold
                   ---------------------------------------
                   0         0.11      hard      0.00

         M4        0.11

                   ---------------------------------------
                   Index     Spacing   Weight    Threshold
                   ---------------------------------------
                   0         0.11      hard      0.00

         M5        0.11

                   ---------------------------------------
                   Index     Spacing   Weight    Threshold
                   ---------------------------------------
                   0         0.11      hard      0.00

         M6        0.11

                   ---------------------------------------
                   Index     Spacing   Weight    Threshold
                   ---------------------------------------
                   0         0.11      hard      0.00

         M7        0.11

                   ---------------------------------------
                   Index     Spacing   Weight    Threshold
                   ---------------------------------------
                   0         0.11      hard      0.00

         M8        0.11

                   ---------------------------------------
                   Index     Spacing   Weight    Threshold
                   ---------------------------------------
                   0         0.11      hard      0.00

         M9        0.32

                   ---------------------------------------
                   Index     Spacing   Weight    Threshold
                   ---------------------------------------
                   0         0.32      hard      0.00

         MRDL      4.00

                   ---------------------------------------
                   Index     Spacing   Weight    Threshold
                   ---------------------------------------
                   0         4.00      hard      0.00
1
