****************************************
Report : timing
        -path_type full
        -delay_type max
        -max_paths 1
        -report_by design
        -nets
        -capacitance
Design : ORCA_TOP
Version: P-2019.03-SP1-VAL
Date   : Thu Jun  4 01:20:42 2020
****************************************
Information: Timer using 'SI, Timing Window Analysis, CRPR'. (TIM-050)

  Startpoint: I_BLENDER_0/R_82_IP (rising edge-triggered flip-flop clocked by SYS_CLK)
  Endpoint: I_BLENDER_0/R_384 (rising edge-triggered flip-flop clocked by SYS_CLK)
  Mode: func
  Corner: slow
  Scenario: func_slow
  Path Group: SYS_CLK
  Path Type: max

  Point                                          Fanout    Cap       Incr      Path  
  ------------------------------------------------------------------------------------------
  clock SYS_CLK (rise edge)                                          0.00      0.00
  clock network delay (propagated)                                   1.44      1.44

  I_BLENDER_0/R_82_IP/CLK (SDFFX2_LVT)                               0.00      1.44 r
  I_BLENDER_0/R_82_IP/QN (SDFFX2_LVT)                                0.28      1.72 f
  I_BLENDER_0/n3021 (net)                           1      3.06
  I_BLENDER_0/ZINV_inst_3475/Y (INVX4_LVT)                           0.08      1.80 r
  I_BLENDER_0/ZINV_934 (net)                        1      5.63
  I_BLENDER_0/ZINV_inst_3474/Y (INVX8_LVT)                           0.05      1.85 f
  I_BLENDER_0/ZINV_933 (net)                       22     25.16
  I_BLENDER_0/U1468/Y (NAND4X0_LVT)                                  0.11      1.96 r
  I_BLENDER_0/n320 (net)                            1      2.05
  I_BLENDER_0/SGI142_17737/Y (NAND2X0_LVT)                           0.10      2.06 f
  I_BLENDER_0/copt_net_278 (net)                    1      2.15
  I_BLENDER_0/SGI143_17738/Y (NAND2X4_LVT)                           0.18      2.23 r
  I_BLENDER_0/n699 (net)                            3      4.10
  I_BLENDER_0/U3199/Y (NAND3X2_LVT)                                  0.14      2.38 f
  I_BLENDER_0/n536 (net)                            2      3.88
  I_BLENDER_0/U3200/Y (NAND4X0_LVT)                                  0.11      2.48 r
  I_BLENDER_0/n617 (net)                            1      2.28
  I_BLENDER_0/U3227/Y (NAND3X0_LVT)                                  0.14      2.62 f
  I_BLENDER_0/n555 (net)                            1      2.59
  I_BLENDER_0/U3225/Y (NAND4X0_LVT)                                  0.23      2.85 r
  I_BLENDER_0/n725 (net)                            3      5.01
  I_BLENDER_0/U1356/Y (NAND3X0_LVT)                                  0.13      2.98 f
  I_BLENDER_0/n418 (net)                            2      1.41
  I_BLENDER_0/U1354/Y (NAND2X4_LVT)                                  0.18      3.17 r
  I_BLENDER_0/n3742 (net)                           3      4.40
  I_BLENDER_0/U3229/Y (AND3X1_LVT)                                   0.13      3.30 r
  I_BLENDER_0/n769 (net)                            4      5.36
  I_BLENDER_0/U3653/Y (INVX0_LVT)                                    0.04      3.34 f
  I_BLENDER_0/n770 (net)                            1      0.91
  I_BLENDER_0/U3654/Y (NAND2X0_LVT)                                  0.11      3.45 r
  I_BLENDER_0/n771 (net)                            2      2.27
  I_BLENDER_0/U1937/Y (NAND3X0_HVT)                                  0.61      4.06 f
  I_BLENDER_0/n687 (net)                            1      2.23
  I_BLENDER_0/U3405/Y (NAND3X0_LVT)                                  0.66      4.72 r
  I_BLENDER_0/n697 (net)                            1      2.44
  I_BLENDER_0/U3237/Y (OA21X1_LVT)                                   0.19      4.90 r
  I_BLENDER_0/n779 (net)                            4      2.93
  I_BLENDER_0/U3657/Y (NAND3X0_RVT)                                  0.17      5.07 f
  I_BLENDER_0/n784 (net)                            1      0.96
  I_BLENDER_0/U3661/Y (NAND4X0_LVT)                                  0.16      5.23 r
  I_BLENDER_0/n823 (net)                            2      1.77
  I_BLENDER_0/U3662/Y (AOI22X1_LVT)                                  0.16      5.39 f
  I_BLENDER_0/n832 (net)                            5      4.12
  I_BLENDER_0/U3676/Y (AND2X1_LVT)                                   0.09      5.49 f
  I_BLENDER_0/n814 (net)                            1      1.18
  I_BLENDER_0/U3677/Y (OA22X1_LVT)                                   0.13      5.62 f
  I_BLENDER_0/n827 (net)                            3      2.94
  I_BLENDER_0/U3679/Y (OA22X2_LVT)                                   0.15      5.76 f
  I_BLENDER_0/n816 (net)                            1      1.33
  I_BLENDER_0/U3680/Y (NAND2X0_LVT)                                  0.13      5.90 r
  I_BLENDER_0/n818 (net)                            1      1.95
  I_BLENDER_0/U3681/Y (AO22X1_RVT)                                   0.24      6.14 r
  I_BLENDER_0/n820 (net)                            1      1.19
  I_BLENDER_0/U3130/Y (AO22X2_LVT)                                   0.15      6.29 r
  I_BLENDER_0/n851 (net)                            3      4.94
  I_BLENDER_0/U3682/Y (OR2X1_LVT)                                    0.10      6.39 r
  I_BLENDER_0/n838 (net)                            2      3.02
  I_BLENDER_0/U1350/Y (AND2X1_LVT)                                   0.10      6.49 r
  I_BLENDER_0/n283 (net)                            1      2.24
  I_BLENDER_0/SGI75_18156/Y (AND2X1_LVT)                             0.10      6.59 r
  I_BLENDER_0/copt_net_360 (net)                    1      2.87
  I_BLENDER_0/SGI53_17956/Y (NAND3X0_LVT)                            0.10      6.69 f
  I_BLENDER_0/n556 (net)                            2      2.24
  I_BLENDER_0/SGI128_17708/Y (AND2X2_LVT)                            0.19      6.87 f
  I_BLENDER_0/n857 (net)                           10     10.97
  I_BLENDER_0/U294/Y (OR2X1_LVT)                                     0.11      6.98 f
  I_BLENDER_0/n663 (net)                            1      1.33
  I_BLENDER_0/U3386/Y (NAND2X0_LVT)                                  0.12      7.10 r
  I_BLENDER_0/n3357 (net)                           2      2.87
  I_BLENDER_0/SGI90_18265/Y (AND2X1_LVT)                             0.12      7.23 r
  I_BLENDER_0/copt_net_481 (net)                    1      1.09
  I_BLENDER_0/SGI91_18266/Y (NAND2X0_LVT)                            0.05      7.27 f
  I_BLENDER_0/copt_net_285 (net)                    1      1.00
  I_BLENDER_0/SGI145_17753/Y (NAND2X0_LVT)                           0.09      7.37 r
  I_BLENDER_0/n3093 (net)                           1      0.95
  I_BLENDER_0/R_384/D (SDFFX1_LVT)                                   0.00      7.37 r
  data arrival time                                                            7.37

  clock SYS_CLK (rise edge)                                          4.80      4.80
  clock network delay (propagated)                                   1.21      6.01
  clock reconvergence pessimism                                      0.14      6.15
  I_BLENDER_0/R_384/CLK (SDFFX1_LVT)                                 0.00      6.15 r
  clock uncertainty                                                 -0.06      6.09
  library setup time                                                -0.18      5.90
  data required time                                                           5.90
  ------------------------------------------------------------------------------------------
  data required time                                                           5.90
  data arrival time                                                           -7.37
  ------------------------------------------------------------------------------------------
  slack (VIOLATED)                                                            -1.47


1
