****************************************
Report : timing
        -path_type full
        -delay_type max
        -max_paths 1
        -report_by design
        -nets
        -capacitance
Design : ORCA_TOP
Version: P-2019.03-SP1-VAL
Date   : Thu Jun  4 01:20:24 2020
****************************************
Information: Timer using 'SI, Timing Window Analysis, CRPR'. (TIM-050)

  Startpoint: I_BLENDER_0/R_97 (rising edge-triggered flip-flop clocked by SYS_CLK)
  Endpoint: I_BLENDER_0/R_384 (rising edge-triggered flip-flop clocked by SYS_CLK)
  Mode: func
  Corner: slow
  Scenario: func_slow
  Path Group: SYS_CLK
  Path Type: max

  Point                                          Fanout    Cap       Incr      Path  
  ------------------------------------------------------------------------------------------
  clock SYS_CLK (rise edge)                                          0.00      0.00
  clock network delay (propagated)                                   1.44      1.44

  I_BLENDER_0/R_97/CLK (SDFFX2_LVT)                                  0.00      1.44 r
  I_BLENDER_0/R_97/Q (SDFFX2_LVT)                                    0.44      1.88 r
  I_BLENDER_0/n443 (net)                           12     13.12
  I_BLENDER_0/U1468/Y (NAND4X0_LVT)                                  0.11      1.99 f
  I_BLENDER_0/n320 (net)                            1      2.01
  I_BLENDER_0/SGI142_17737/Y (NAND2X0_LVT)                           0.18      2.17 r
  I_BLENDER_0/copt_net_278 (net)                    1      2.19
  I_BLENDER_0/SGI143_17738/Y (NAND2X4_LVT)                           0.15      2.33 f
  I_BLENDER_0/n699 (net)                            3      3.99
  I_BLENDER_0/U3199/Y (NAND3X2_LVT)                                  0.18      2.51 r
  I_BLENDER_0/n536 (net)                            2      3.96
  I_BLENDER_0/U3200/Y (NAND4X0_LVT)                                  0.12      2.63 f
  I_BLENDER_0/n617 (net)                            1      2.25
  I_BLENDER_0/U3227/Y (NAND3X0_LVT)                                  0.18      2.80 r
  I_BLENDER_0/n555 (net)                            1      2.64
  I_BLENDER_0/U3225/Y (NAND4X0_LVT)                                  0.22      3.02 f
  I_BLENDER_0/n725 (net)                            3      4.92
  I_BLENDER_0/U1356/Y (NAND3X0_LVT)                                  0.20      3.22 r
  I_BLENDER_0/n418 (net)                            2      1.52
  I_BLENDER_0/U1742/Y (NAND4X1_LVT) <-                               0.18      3.40 f
  I_BLENDER_0/n416 (net)                            1      4.21
  I_BLENDER_0/U717/Y (XNOR2X2_LVT)                                   0.16      3.55 f
  I_BLENDER_0/n766 (net)                            4      5.50
  I_BLENDER_0/U1741/Y (OA21X1_LVT)                                   0.14      3.69 f
  I_BLENDER_0/n762 (net)                            2      1.90
  I_BLENDER_0/U1690/Y (NAND3X1_LVT)                                  0.15      3.84 r
  I_BLENDER_0/n393 (net)                            1      1.20
  I_BLENDER_0/U226/Y (NAND3X0_LVT)                                   0.08      3.92 f
  I_BLENDER_0/n3738 (net)                           1      1.50
  I_BLENDER_0/ZINV_inst_18651/Y (INVX2_LVT)                          0.09      4.01 r
  I_BLENDER_0/ZINV_1311 (net)                       2      6.94
  I_BLENDER_0/U199/Y (INVX4_LVT)                                     0.05      4.06 f
  I_BLENDER_0/n82 (net)                            10     10.00
  I_BLENDER_0/U3242/Y (NAND2X0_LVT)                                  0.12      4.18 r
  I_BLENDER_0/n764 (net)                            2      2.61
  I_BLENDER_0/SGI150_17736/Y (NAND2X2_LVT)                           0.16      4.34 f
  I_BLENDER_0/n768 (net)                            3      4.01
  I_BLENDER_0/U3407/Y (OR2X1_LVT)                                    0.09      4.43 f
  I_BLENDER_0/n691 (net)                            1      1.07
  I_BLENDER_0/U3405/Y (NAND3X0_LVT)                                  0.09      4.52 r
  I_BLENDER_0/n697 (net)                            1      2.44
  I_BLENDER_0/U3237/Y (OA21X1_LVT)                                   0.19      4.70 r
  I_BLENDER_0/n779 (net)                            4      2.93
  I_BLENDER_0/U3657/Y (NAND3X0_RVT)                                  0.17      4.87 f
  I_BLENDER_0/n784 (net)                            1      0.96
  I_BLENDER_0/U3661/Y (NAND4X0_LVT)                                  0.16      5.03 r
  I_BLENDER_0/n823 (net)                            2      1.77
  I_BLENDER_0/U3662/Y (AOI22X1_LVT)                                  0.16      5.19 f
  I_BLENDER_0/n832 (net)                            5      4.12
  I_BLENDER_0/U3676/Y (AND2X1_LVT)                                   0.09      5.29 f
  I_BLENDER_0/n814 (net)                            1      1.18
  I_BLENDER_0/U3677/Y (OA22X1_LVT)                                   0.13      5.42 f
  I_BLENDER_0/n827 (net)                            3      2.94
  I_BLENDER_0/U3679/Y (OA22X2_LVT)                                   0.15      5.56 f
  I_BLENDER_0/n816 (net)                            1      1.33
  I_BLENDER_0/U3680/Y (NAND2X0_LVT)                                  0.13      5.70 r
  I_BLENDER_0/n818 (net)                            1      1.95
  I_BLENDER_0/U3681/Y (AO22X1_RVT)                                   0.24      5.94 r
  I_BLENDER_0/n820 (net)                            1      1.19
  I_BLENDER_0/U3130/Y (AO22X2_LVT)                                   0.15      6.09 r
  I_BLENDER_0/n851 (net)                            3      4.94
  I_BLENDER_0/U3682/Y (OR2X1_LVT)                                    0.10      6.19 r
  I_BLENDER_0/n838 (net)                            2      3.02
  I_BLENDER_0/U1350/Y (AND2X1_LVT)                                   0.10      6.29 r
  I_BLENDER_0/n283 (net)                            1      2.24
  I_BLENDER_0/SGI75_18156/Y (AND2X1_LVT)                             0.10      6.39 r
  I_BLENDER_0/copt_net_360 (net)                    1      2.87
  I_BLENDER_0/SGI53_17956/Y (NAND3X0_LVT)                            0.10      6.49 f
  I_BLENDER_0/n556 (net)                            2      2.24
  I_BLENDER_0/SGI128_17708/Y (AND2X2_LVT)                            0.19      6.67 f
  I_BLENDER_0/n857 (net)                           10     10.97
  I_BLENDER_0/U294/Y (OR2X1_LVT)                                     0.11      6.78 f
  I_BLENDER_0/n663 (net)                            1      1.33
  I_BLENDER_0/U3386/Y (NAND2X0_LVT)                                  0.12      6.90 r
  I_BLENDER_0/n3357 (net)                           2      2.87
  I_BLENDER_0/SGI90_18265/Y (AND2X1_LVT)                             0.12      7.03 r
  I_BLENDER_0/copt_net_481 (net)                    1      1.09
  I_BLENDER_0/SGI91_18266/Y (NAND2X0_LVT)                            0.05      7.07 f
  I_BLENDER_0/copt_net_285 (net)                    1      1.00
  I_BLENDER_0/SGI145_17753/Y (NAND2X0_LVT)                           0.09      7.17 r
  I_BLENDER_0/n3093 (net)                           1      0.95
  I_BLENDER_0/R_384/D (SDFFX1_LVT)                                   0.00      7.17 r
  data arrival time                                                            7.17

  clock SYS_CLK (rise edge)                                          4.80      4.80
  clock network delay (propagated)                                   1.21      6.01
  clock reconvergence pessimism                                      0.14      6.15
  I_BLENDER_0/R_384/CLK (SDFFX1_LVT)                                 0.00      6.15 r
  clock uncertainty                                                 -0.06      6.09
  library setup time                                                -0.18      5.90
  data required time                                                           5.90
  ------------------------------------------------------------------------------------------
  data required time                                                           5.90
  data arrival time                                                           -7.17
  ------------------------------------------------------------------------------------------
  slack (VIOLATED)                                                            -1.27


1
