****************************************
Report : constraint
	-all_violators
	-path slack_only
Design : fifo1_sram
Version: O-2018.06
Date   : Thu Apr  9 11:46:42 2020
****************************************


   max_delay/setup ('OUTPUTS' group)

   Endpoint                                                  Slack
   -----------------------------------------------------------------
   rdata[6]                                                 -3.738  (VIOLATED)
   rdata[2]                                                 -3.684  (VIOLATED)
   rdata[4]                                                 -3.675  (VIOLATED)
   rdata[5]                                                 -3.667  (VIOLATED)
   rdata[1]                                                 -3.659  (VIOLATED)
   rdata[0]                                                 -3.649  (VIOLATED)
   rdata[3]                                                 -3.627  (VIOLATED)
   rdata[7]                                                 -3.407  (VIOLATED)
   rempty                                                   -2.865  (VIOLATED)
   wfull                                                    -0.117  (VIOLATED)

   max_delay/setup ('rclk' group)

   Endpoint                                                  Slack
   -----------------------------------------------------------------
   rptr_empty/rempty_reg/D                                  -0.127  (VIOLATED)
   fifomem/genblk1_6__U/CSB2                                -0.108  (VIOLATED)


   max_capacitance

                             Required        Actual
   Pin                      Capacitance    Capacitance       Slack
   -----------------------------------------------------------------
   ropt_mt_inst_1747/Y       168.000       2592.358       -2424.358 (VIOLATED)
   U58/Y                     168.000       2591.639       -2423.639 (VIOLATED)
   U65/Y                     168.000       2589.741       -2421.741 (VIOLATED)
   U70/Y                     168.000       2589.217       -2421.217 (VIOLATED)
   U68/Y                     168.000       2588.815       -2420.815 (VIOLATED)
   U71/Y                     168.000       2588.748       -2420.748 (VIOLATED)
   U63/Y                     168.000       2588.550       -2420.550 (VIOLATED)
   U66/Y                     168.000       2588.257       -2420.257 (VIOLATED)
   U72/Y                     168.000       2588.091       -2420.091 (VIOLATED)
   U69/Y                     168.000       2588.007       -2420.007 (VIOLATED)
   U64/Y                     168.000       2587.806       -2419.806 (VIOLATED)
   U67/Y                     168.000       2587.578       -2419.578 (VIOLATED)
   fifomem/genblk1_1__U/O2[2]
                              25.000         53.345        -28.345  (VIOLATED)
   fifomem/genblk1_1__U/O2[4]
                              25.000         50.675        -25.675  (VIOLATED)
   fifomem/genblk1_1__U/O2[7]
                              25.000         50.665        -25.665  (VIOLATED)
   fifomem/genblk1_1__U/O2[5]
                              25.000         47.337        -22.337  (VIOLATED)
   fifomem/genblk1_1__U/O2[3]
                              25.000         41.712        -16.712  (VIOLATED)
   fifomem/genblk1_0__U/O2[0]
                              25.000         41.431        -16.431  (VIOLATED)
   fifomem/genblk1_0__U/O2[6]
                              25.000         40.370        -15.370  (VIOLATED)
   fifomem/genblk1_1__U/O2[1]
                              25.000         39.347        -14.347  (VIOLATED)
   fifomem/genblk1_6__U/O2[2]
                              25.000         35.555        -10.555  (VIOLATED)
   fifomem/genblk1_7__U/O2[6]
                              25.000         34.688         -9.688  (VIOLATED)
   fifomem/genblk1_7__U/O2[0]
                              25.000         34.047         -9.047  (VIOLATED)
   fifomem/genblk1_6__U/O2[7]
                              25.000         33.686         -8.686  (VIOLATED)
   fifomem/genblk1_7__U/O2[1]
                              25.000         33.627         -8.627  (VIOLATED)
   fifomem/genblk1_6__U/O2[1]
                              25.000         31.899         -6.899  (VIOLATED)
   fifomem/genblk1_6__U/O2[3]
                              25.000         31.651         -6.651  (VIOLATED)
   fifomem/genblk1_6__U/O2[5]
                              25.000         31.567         -6.567  (VIOLATED)
   fifomem/genblk1_6__U/O2[6]
                              25.000         30.751         -5.751  (VIOLATED)
   fifomem/genblk1_7__U/O2[3]
                              25.000         29.384         -4.384  (VIOLATED)
   fifomem/genblk1_7__U/O2[7]
                              25.000         28.901         -3.901  (VIOLATED)
   fifomem/genblk1_6__U/O2[4]
                              25.000         27.902         -2.902  (VIOLATED)
   fifomem/genblk1_7__U/O2[2]
                              25.000         27.208         -2.208  (VIOLATED)
   fifomem/genblk1_7__U/O2[5]
                              25.000         27.112         -2.112  (VIOLATED)
   fifomem/genblk1_6__U/O2[0]
                              25.000         25.555         -0.555  (VIOLATED)
   fifomem/U33/Y               8.000          8.238         -0.238  (VIOLATED)
   wptr_full/wbin_reg_6_/Q     8.000          8.089         -0.089  (VIOLATED)
   fifomem/U44/Y               8.000          8.085         -0.085  (VIOLATED)
   rptr_empty/rbin_reg_5_/Q    8.000          8.050         -0.050  (VIOLATED)


   min_capacitance

                             Required        Actual
   Pin                      Capacitance    Capacitance       Slack
   -----------------------------------------------------------------
   fifomem/genblk1_0__U/O1[0]
                               0.100          0.011         -0.089  (VIOLATED)
   fifomem/genblk1_0__U/O1[1]
                               0.100          0.011         -0.089  (VIOLATED)
   fifomem/genblk1_0__U/O1[2]
                               0.100          0.011         -0.089  (VIOLATED)
   fifomem/genblk1_0__U/O1[3]
                               0.100          0.011         -0.089  (VIOLATED)
   fifomem/genblk1_0__U/O1[4]
                               0.100          0.011         -0.089  (VIOLATED)
   fifomem/genblk1_0__U/O1[5]
                               0.100          0.011         -0.089  (VIOLATED)
   fifomem/genblk1_0__U/O1[6]
                               0.100          0.011         -0.089  (VIOLATED)
   fifomem/genblk1_0__U/O1[7]
                               0.100          0.011         -0.089  (VIOLATED)
   fifomem/genblk1_1__U/O1[0]
                               0.100          0.011         -0.089  (VIOLATED)
   fifomem/genblk1_1__U/O1[1]
                               0.100          0.011         -0.089  (VIOLATED)
   fifomem/genblk1_1__U/O1[2]
                               0.100          0.011         -0.089  (VIOLATED)
   fifomem/genblk1_1__U/O1[3]
                               0.100          0.011         -0.089  (VIOLATED)
   fifomem/genblk1_1__U/O1[4]
                               0.100          0.011         -0.089  (VIOLATED)
   fifomem/genblk1_1__U/O1[5]
                               0.100          0.011         -0.089  (VIOLATED)
   fifomem/genblk1_1__U/O1[6]
                               0.100          0.011         -0.089  (VIOLATED)
   fifomem/genblk1_1__U/O1[7]
                               0.100          0.011         -0.089  (VIOLATED)
   fifomem/genblk1_2__U/O1[0]
                               0.100          0.011         -0.089  (VIOLATED)
   fifomem/genblk1_2__U/O1[1]
                               0.100          0.011         -0.089  (VIOLATED)
   fifomem/genblk1_2__U/O1[2]
                               0.100          0.011         -0.089  (VIOLATED)
   fifomem/genblk1_2__U/O1[3]
                               0.100          0.011         -0.089  (VIOLATED)
   fifomem/genblk1_2__U/O1[4]
                               0.100          0.011         -0.089  (VIOLATED)
   fifomem/genblk1_2__U/O1[5]
                               0.100          0.011         -0.089  (VIOLATED)
   fifomem/genblk1_2__U/O1[6]
                               0.100          0.011         -0.089  (VIOLATED)
   fifomem/genblk1_2__U/O1[7]
                               0.100          0.011         -0.089  (VIOLATED)
   fifomem/genblk1_3__U/O1[0]
                               0.100          0.011         -0.089  (VIOLATED)
   fifomem/genblk1_3__U/O1[1]
                               0.100          0.011         -0.089  (VIOLATED)
   fifomem/genblk1_3__U/O1[2]
                               0.100          0.011         -0.089  (VIOLATED)
   fifomem/genblk1_3__U/O1[3]
                               0.100          0.011         -0.089  (VIOLATED)
   fifomem/genblk1_3__U/O1[4]
                               0.100          0.011         -0.089  (VIOLATED)
   fifomem/genblk1_3__U/O1[5]
                               0.100          0.011         -0.089  (VIOLATED)
   fifomem/genblk1_3__U/O1[6]
                               0.100          0.011         -0.089  (VIOLATED)
   fifomem/genblk1_3__U/O1[7]
                               0.100          0.011         -0.089  (VIOLATED)
   fifomem/genblk1_4__U/O1[0]
                               0.100          0.011         -0.089  (VIOLATED)
   fifomem/genblk1_4__U/O1[1]
                               0.100          0.011         -0.089  (VIOLATED)
   fifomem/genblk1_4__U/O1[2]
                               0.100          0.011         -0.089  (VIOLATED)
   fifomem/genblk1_4__U/O1[3]
                               0.100          0.011         -0.089  (VIOLATED)
   fifomem/genblk1_4__U/O1[4]
                               0.100          0.011         -0.089  (VIOLATED)
   fifomem/genblk1_4__U/O1[5]
                               0.100          0.011         -0.089  (VIOLATED)
   fifomem/genblk1_4__U/O1[6]
                               0.100          0.011         -0.089  (VIOLATED)
   fifomem/genblk1_4__U/O1[7]
                               0.100          0.011         -0.089  (VIOLATED)
   fifomem/genblk1_5__U/O1[0]
                               0.100          0.011         -0.089  (VIOLATED)
   fifomem/genblk1_5__U/O1[1]
                               0.100          0.011         -0.089  (VIOLATED)
   fifomem/genblk1_5__U/O1[2]
                               0.100          0.011         -0.089  (VIOLATED)
   fifomem/genblk1_5__U/O1[3]
                               0.100          0.011         -0.089  (VIOLATED)
   fifomem/genblk1_5__U/O1[4]
                               0.100          0.011         -0.089  (VIOLATED)
   fifomem/genblk1_5__U/O1[5]
                               0.100          0.011         -0.089  (VIOLATED)
   fifomem/genblk1_5__U/O1[6]
                               0.100          0.011         -0.089  (VIOLATED)
   fifomem/genblk1_5__U/O1[7]
                               0.100          0.011         -0.089  (VIOLATED)
   fifomem/genblk1_6__U/O1[0]
                               0.100          0.011         -0.089  (VIOLATED)
   fifomem/genblk1_6__U/O1[1]
                               0.100          0.011         -0.089  (VIOLATED)
   fifomem/genblk1_6__U/O1[2]
                               0.100          0.011         -0.089  (VIOLATED)
   fifomem/genblk1_6__U/O1[3]
                               0.100          0.011         -0.089  (VIOLATED)
   fifomem/genblk1_6__U/O1[4]
                               0.100          0.011         -0.089  (VIOLATED)
   fifomem/genblk1_6__U/O1[5]
                               0.100          0.011         -0.089  (VIOLATED)
   fifomem/genblk1_6__U/O1[6]
                               0.100          0.011         -0.089  (VIOLATED)
   fifomem/genblk1_6__U/O1[7]
                               0.100          0.011         -0.089  (VIOLATED)
   fifomem/genblk1_7__U/O1[0]
                               0.100          0.011         -0.089  (VIOLATED)
   fifomem/genblk1_7__U/O1[1]
                               0.100          0.011         -0.089  (VIOLATED)
   fifomem/genblk1_7__U/O1[2]
                               0.100          0.011         -0.089  (VIOLATED)
   fifomem/genblk1_7__U/O1[3]
                               0.100          0.011         -0.089  (VIOLATED)
   fifomem/genblk1_7__U/O1[4]
                               0.100          0.011         -0.089  (VIOLATED)
   fifomem/genblk1_7__U/O1[5]
                               0.100          0.011         -0.089  (VIOLATED)
   fifomem/genblk1_7__U/O1[6]
                               0.100          0.011         -0.089  (VIOLATED)
   fifomem/genblk1_7__U/O1[7]
                               0.100          0.011         -0.089  (VIOLATED)


   max_transition

                             Required        Actual
   Pin                      Transition     Transition        Slack
   -----------------------------------------------------------------
   io_b_wclk2x/PADIO           3.200          7.551         -4.351  (VIOLATED)
   io_b_rclk/PADIO             3.200          6.196         -2.996  (VIOLATED)
   io_b_wclk/PADIO             3.200          6.165         -2.965  (VIOLATED)
   U72/Y                       0.433          0.508         -0.076  (VIOLATED)
   ropt_mt_inst_1747/Y         0.227          0.273         -0.046  (VIOLATED)


1
