
Input DRC Error Database.......... /u/divyaj2/ECE510-2020-SPRING/project/apr/work/signoff_fix_drc_run/signoff_check_drc_run
Limit to Cell..................... ORCA_TOP
Maximum Errors/Command............ 1000

SIGNOFF AUTOFIX DRC SUMMARY:

        DRC NAME        :   TOTAL DRC   : PROCESSED DRC :  TARGETED DRC : REMAINING TARGETED DRC :   FIX RATE   : COMMENT
CO.B.1: CO must be full :           40  :           40  :            0  :               0        :          --  : 40 ignored: <#2>
CO.E.12: CONT is not en :           40  :           40  :            0  :               0        :          --  : 40 ignored: <#2>
CO.E.9: Minimum enclosu :         2136  :         1000  :            0  :               0        :          --  : 1000 ignored: <#1>
M1.S.1: Minimum M1 spac :          305  :          305  :            5  :               0        :       100.0% : 300 ignored: <#3>
M1.S.9: Minimum spacing :         1026  :         1000  :            0  :               0        :          --  : 1000 ignored: <#1>
M1.W.1: Minimum M1 widt :         1957  :         1000  :            0  :               0        :          --  : 1000 ignored: <#1>
M1.W.2.1: Minimum width :          278  :          278  :          270  :               5        :        98.1% : 8 ignored: <#3>
M2.S.2: Minimum spacing :          228  :          228  :          192  :              30        :        84.4% : 36 ignored: <#3>
M3.S.2: Minimum spacing :           90  :           90  :           87  :               9        :        89.7% : 3 ignored: <#3>
M4.S.2: Minimum spacing :           21  :           21  :           21  :               0        :       100.0% : 
M5.S.2: Minimum spacing :            8  :            8  :            8  :               0        :       100.0% : 
M6.S.2: Minimum spacing :            4  :            4  :            4  :               4        :         0.0% : 
M6.S.3.2: Minimum spaci :            1  :            1  :            1  :               0        :       100.0% : 
VIA6.B.1: When Mx or MX :         3214  :         1000  :            0  :               0        :          --  : 1000 ignored: <#1>
TOTAL                   :               :               :          588  :              48        :        91.8% :

NOTE:
Reasons : Detail Info
     #1 : the amount of errors exceed the limitation of maximum errors per rule
     #2 : size of error shapes greater than threshold
     #3 : shapes associated with error are not Zroute modifiable
