Warning: Corner slow:  0 process number, 0 process label, 2 voltage, and 0 temperature mismatches. (PVT-030)
Warning: 36 cells affected for early, 36 for late. (PVT-031)
Warning: 0 port driving_cells affected for early, 0 for late. (PVT-034)
Information: The stitching and editing of coupling caps is turned ON for design 'ORCA_TOP_lib:ORCA_TOP.design'. (TIM-125)
Information: Design ORCA_TOP has 48715 nets, 0 global routed, 48712 detail routed. (NEX-024)
Information: The RC mode used is DR for design 'ORCA_TOP'. (NEX-022)
---extraction options---
Corner: slow
 late_cap_scale                : 1
 late_res_scale                : 1
 late_ccap_scale               : 1
 early_cap_scale               : 1
 early_res_scale               : 1
 early_ccap_scale              : 1
Global options:
 late_ccap_threshold       : 31fF
 late_ccap_ratio           : 0.03
 reference_direction       : use_from_tluplus
 real_metalfill_extraction : none
 virtual_shield_extraction : true
---app options---
 host.max_cores                   : 1
 extract.connect_open           : true
 extract.incremental_extraction : true
 extract.enable_coupling_cap    : true
Extracting design: ORCA_TOP 
Information: coupling capacitance is created explicitly. (NEX-029)
Information: 48712 nets are successfully extracted. (NEX-028)
Warning: Advanced receiver model has not been enabled for detailed routed design. (TIM-204)
Information: Update timing completed net estimation for all the timing graph nets (TIM-111)
Information: Net estimation statistics: timing graph nets = 48712, routed nets = 48712, across physical hierarchy nets = 0, parasitics cached nets = 48712, delay annotated nets = 0, parasitics annotated nets = 0, multi-voltage nets = 663. (TIM-112)
************************************************************
Timer Settings:
Delay Calculation Style:                   auto
Signal Integrity Analysis:                 enabled
Timing Window Analysis:                    enabled
Advanced Waveform Propagation:             disabled
Variation Type:                            fixed_derate
Clock Reconvergence Pessimism Removal:     enabled
Advanced Receiver Model:                   disabled
************************************************************
****************************************
Report : timing
        -path_type full
        -delay_type max
        -max_paths 1
        -report_by design
        -input_pins
        -nets
        -capacitance
        -crosstalk_delta
Design : ORCA_TOP
Version: P-2019.03-SP1-VAL
Date   : Mon Jun  1 13:00:30 2020
****************************************
Information: Timer using 'SI, Timing Window Analysis, CRPR'. (TIM-050)

  Startpoint: I_BLENDER_0/R_82_IP (rising edge-triggered flip-flop clocked by SYS_CLK)
  Endpoint: I_BLENDER_0/R_384 (rising edge-triggered flip-flop clocked by SYS_CLK)
  Mode: func
  Corner: slow
  Scenario: func_slow
  Path Group: SYS_CLK
  Path Type: max

  Point                                          Fanout    Cap     Delta     Incr      Path  
  --------------------------------------------------------------------------------------------------
  clock SYS_CLK (rise edge)                                                  0.00      0.00
  clock network delay (propagated)                                           1.44      1.44

  I_BLENDER_0/R_82_IP/CLK (SDFFX2_LVT)                                       0.00      1.44 r
  I_BLENDER_0/R_82_IP/QN (SDFFX2_LVT)                                        0.28      1.72 f
  I_BLENDER_0/n3021 (net)                           1      3.06
  I_BLENDER_0/ZINV_inst_3475/A (INVX4_LVT)                           --      0.00      1.72 f
  I_BLENDER_0/ZINV_inst_3475/Y (INVX4_LVT)                                   0.08      1.80 r
  I_BLENDER_0/ZINV_934 (net)                        1      5.63
  I_BLENDER_0/ZINV_inst_3474/A (INVX8_LVT)                           --      0.00      1.80 r
  I_BLENDER_0/ZINV_inst_3474/Y (INVX8_LVT)                                   0.05      1.85 f
  I_BLENDER_0/ZINV_933 (net)                       22     25.18
  I_BLENDER_0/U1468/A4 (NAND4X0_LVT)                                 0.00    0.00      1.85 f
  I_BLENDER_0/U1468/Y (NAND4X0_LVT)                                          0.11      1.96 r
  I_BLENDER_0/n320 (net)                            1      2.05
  I_BLENDER_0/SGI142_17737/A1 (NAND2X0_LVT)                          0.01    0.01      1.97 r
  I_BLENDER_0/SGI142_17737/Y (NAND2X0_LVT)                                   0.09      2.06 f
  I_BLENDER_0/copt_net_278 (net)                    1      2.15
  I_BLENDER_0/SGI143_17738/A1 (NAND2X4_LVT)                          0.01    0.01      2.06 f
  I_BLENDER_0/SGI143_17738/Y (NAND2X4_LVT)                                   0.17      2.23 r
  I_BLENDER_0/n699 (net)                            3      4.10
  I_BLENDER_0/U3199/A3 (NAND3X2_LVT)                                 0.00    0.00      2.24 r
  I_BLENDER_0/U3199/Y (NAND3X2_LVT)                                          0.14      2.38 f
  I_BLENDER_0/n536 (net)                            2      3.89
  I_BLENDER_0/U3200/A3 (NAND4X0_LVT)                                 0.00    0.00      2.38 f
  I_BLENDER_0/U3200/Y (NAND4X0_LVT)                                          0.11      2.48 r
  I_BLENDER_0/n617 (net)                            1      2.26
  I_BLENDER_0/U3227/A1 (NAND3X0_LVT)                                 0.02    0.02      2.51 r
  I_BLENDER_0/U3227/Y (NAND3X0_LVT)                                          0.12      2.62 f
  I_BLENDER_0/n555 (net)                            1      2.79
  I_BLENDER_0/U3225/A4 (NAND4X0_LVT)                                 0.00    0.00      2.63 f
  I_BLENDER_0/U3225/Y (NAND4X0_LVT)                                          0.22      2.85 r
  I_BLENDER_0/n725 (net)                            3      5.03
  I_BLENDER_0/U1356/A2 (NAND3X0_LVT)                                 0.02    0.02      2.87 r
  I_BLENDER_0/U1356/Y (NAND3X0_LVT)                                          0.12      2.99 f
  I_BLENDER_0/n418 (net)                            2      1.41
  I_BLENDER_0/U1742/A1 (NAND4X1_LVT)                                 0.00    0.00      2.99 f
  I_BLENDER_0/U1742/Y (NAND4X1_LVT)                                          0.86      3.85 r
  I_BLENDER_0/n416 (net)                            1     79.46
  I_BLENDER_0/U717/A1 (XNOR2X2_LVT)                                  0.00    0.06      3.91 r
  I_BLENDER_0/U717/Y (XNOR2X2_LVT)                                           0.50      4.41 r
  I_BLENDER_0/n766 (net)                            4      6.73
  I_BLENDER_0/U1741/A2 (OA21X1_LVT)                                  0.01    0.02      4.42 r
  I_BLENDER_0/U1741/Y (OA21X1_LVT)                                           0.14      4.57 r
  I_BLENDER_0/n762 (net)                            2      2.01
  I_BLENDER_0/U1690/A1 (NAND3X1_LVT)                                 0.00    0.00      4.57 r
  I_BLENDER_0/U1690/Y (NAND3X1_LVT)                                          0.12      4.69 f
  I_BLENDER_0/n393 (net)                            1      1.20
  I_BLENDER_0/U226/A3 (NAND3X0_LVT)                                  0.00    0.00      4.69 f
  I_BLENDER_0/U226/Y (NAND3X0_LVT)                                           0.08      4.77 r
  I_BLENDER_0/n3738 (net)                           1      1.54
  I_BLENDER_0/ZINV_inst_18651/A (INVX2_LVT)                          --      0.00      4.77 r
  I_BLENDER_0/ZINV_inst_18651/Y (INVX2_LVT)                                  0.06      4.82 f
  I_BLENDER_0/ZINV_1311 (net)                       2      6.86
  I_BLENDER_0/U198/A (INVX4_LVT)                                     0.00    0.00      4.82 f
  I_BLENDER_0/U198/Y (INVX4_LVT)                                             0.05      4.87 r
  I_BLENDER_0/n81 (net)                             1      2.52
  I_BLENDER_0/U1267/A1 (NAND2X4_LVT)                                 0.00    0.00      4.87 r
  I_BLENDER_0/U1267/Y (NAND2X4_LVT)                                          0.20      5.07 f
  I_BLENDER_0/n256 (net)                            2     81.70
  I_BLENDER_0/U1266/A1 (NAND3X0_LVT)                                 0.00    0.06      5.12 f
  I_BLENDER_0/U1266/Y (NAND3X0_LVT)                                          0.19      5.32 r
  I_BLENDER_0/n752 (net)                            2      2.15
  I_BLENDER_0/U3379/A1 (NAND4X0_LVT)                                 0.01    0.01      5.32 r
  I_BLENDER_0/U3379/Y (NAND4X0_LVT)                                          0.09      5.42 f
  I_BLENDER_0/n799 (net)                            2      1.40
  I_BLENDER_0/U3239/A1 (AO22X2_LVT)                                  --      0.00      5.42 f
  I_BLENDER_0/U3239/Y (AO22X2_LVT)                                           0.23      5.65 f
  I_BLENDER_0/n791 (net)                            5      7.82
  I_BLENDER_0/U494/A (INVX1_LVT)                                     0.00    0.00      5.65 f
  I_BLENDER_0/U494/Y (INVX1_LVT)                                             0.10      5.75 r
  I_BLENDER_0/n777 (net)                            1      4.54
  I_BLENDER_0/U3659/A2 (NAND3X0_LVT)                                 0.00    0.00      5.75 r
  I_BLENDER_0/U3659/Y (NAND3X0_LVT)                                          0.07      5.82 f
  I_BLENDER_0/n783 (net)                            1      0.63
  I_BLENDER_0/U3661/A3 (NAND4X0_LVT)                                 --      0.00      5.82 f
  I_BLENDER_0/U3661/Y (NAND4X0_LVT)                                          0.11      5.94 r
  I_BLENDER_0/n823 (net)                            2      1.77
  I_BLENDER_0/U3662/A3 (AOI22X1_LVT)                                 0.01    0.01      5.94 r
  I_BLENDER_0/U3662/Y (AOI22X1_LVT)                                          0.15      6.10 f
  I_BLENDER_0/n832 (net)                            5      4.12
  I_BLENDER_0/U3676/A1 (AND2X1_LVT)                                  0.00    0.00      6.10 f
  I_BLENDER_0/U3676/Y (AND2X1_LVT)                                           0.09      6.19 f
  I_BLENDER_0/n814 (net)                            1      1.18
  I_BLENDER_0/U3677/A4 (OA22X1_LVT)                                  0.00    0.00      6.19 f
  I_BLENDER_0/U3677/Y (OA22X1_LVT)                                           0.13      6.32 f
  I_BLENDER_0/n827 (net)                            3      2.94
  I_BLENDER_0/U3679/A4 (OA22X2_LVT)                                  0.00    0.00      6.32 f
  I_BLENDER_0/U3679/Y (OA22X2_LVT)                                           0.14      6.46 f
  I_BLENDER_0/n816 (net)                            1      1.33
  I_BLENDER_0/U3680/A2 (NAND2X0_LVT)                                 0.01    0.01      6.48 f
  I_BLENDER_0/U3680/Y (NAND2X0_LVT)                                          0.12      6.60 r
  I_BLENDER_0/n818 (net)                            1      1.95
  I_BLENDER_0/U3681/A4 (AO22X1_RVT)                                  0.01    0.01      6.61 r
  I_BLENDER_0/U3681/Y (AO22X1_RVT)                                           0.23      6.84 r
  I_BLENDER_0/n820 (net)                            1      1.19
  I_BLENDER_0/U3130/A3 (AO22X2_LVT)                                  0.00    0.00      6.85 r
  I_BLENDER_0/U3130/Y (AO22X2_LVT)                                           0.15      6.99 r
  I_BLENDER_0/n851 (net)                            3      4.94
  I_BLENDER_0/U3682/A2 (OR2X1_LVT)                                   0.00    0.00      6.99 r
  I_BLENDER_0/U3682/Y (OR2X1_LVT)                                            0.10      7.10 r
  I_BLENDER_0/n838 (net)                            2      3.02
  I_BLENDER_0/U1350/A1 (AND2X1_LVT)                                  0.00    0.00      7.10 r
  I_BLENDER_0/U1350/Y (AND2X1_LVT)                                           0.09      7.19 r
  I_BLENDER_0/n283 (net)                            1      2.24
  I_BLENDER_0/SGI75_18156/A2 (AND2X1_LVT)                            0.00    0.00      7.19 r
  I_BLENDER_0/SGI75_18156/Y (AND2X1_LVT)                                     0.10      7.29 r
  I_BLENDER_0/copt_net_360 (net)                    1      2.87
  I_BLENDER_0/SGI53_17956/A1 (NAND3X0_LVT)                           0.01    0.01      7.30 r
  I_BLENDER_0/SGI53_17956/Y (NAND3X0_LVT)                                    0.09      7.39 f
  I_BLENDER_0/n556 (net)                            2      2.24
  I_BLENDER_0/SGI128_17708/A2 (AND2X2_LVT)                           0.00    0.00      7.39 f
  I_BLENDER_0/SGI128_17708/Y (AND2X2_LVT)                                    0.18      7.58 f
  I_BLENDER_0/n857 (net)                           10     10.97
  I_BLENDER_0/U294/A2 (OR2X1_LVT)                                    0.00    0.00      7.58 f
  I_BLENDER_0/U294/Y (OR2X1_LVT)                                             0.11      7.69 f
  I_BLENDER_0/n663 (net)                            1      1.34
  I_BLENDER_0/U3386/A1 (NAND2X0_LVT)                                 0.00    0.00      7.69 f
  I_BLENDER_0/U3386/Y (NAND2X0_LVT)                                          0.15      7.83 r
  I_BLENDER_0/n3357 (net)                           2      3.97
  I_BLENDER_0/SGI90_18265/A1 (AND2X1_LVT)                            0.00    0.00      7.83 r
  I_BLENDER_0/SGI90_18265/Y (AND2X1_LVT)                                     0.10      7.94 r
  I_BLENDER_0/copt_net_481 (net)                    1      1.09
  I_BLENDER_0/SGI91_18266/A1 (NAND2X0_LVT)                           0.00    0.00      7.94 r
  I_BLENDER_0/SGI91_18266/Y (NAND2X0_LVT)                                    0.05      7.99 f
  I_BLENDER_0/copt_net_285 (net)                    1      1.00
  I_BLENDER_0/SGI145_17753/A1 (NAND2X0_LVT)                          0.00    0.00      7.99 f
  I_BLENDER_0/SGI145_17753/Y (NAND2X0_LVT)                                   0.09      8.08 r
  I_BLENDER_0/n3093 (net)                           1      0.98
  I_BLENDER_0/R_384/D (SDFFX1_LVT)                                   0.00    0.00      8.08 r
  data arrival time                                                                    8.08

  clock SYS_CLK (rise edge)                                                  4.80      4.80
  clock network delay (propagated)                                           1.21      6.01
  clock reconvergence pessimism                                              0.14      6.15
  I_BLENDER_0/R_384/CLK (SDFFX1_LVT)                                 0.00    0.00      6.15 r
  clock uncertainty                                                         -0.06      6.09
  library setup time                                                        -0.18      5.90
  data required time                                                                   5.90
  --------------------------------------------------------------------------------------------------
  data required time                                                                   5.90
  data arrival time                                                                   -8.08
  --------------------------------------------------------------------------------------------------
  slack (VIOLATED)                                                                    -2.18


1
