****************************************
Report : constraint
	-all_violators
	-path slack_only
Design : fifo1_sram
Version: O-2018.06
Date   : Sun Apr  5 13:09:37 2020
****************************************


   max_delay/setup ('OUTPUTS' group)

   Endpoint                                                  Slack
   -----------------------------------------------------------------
   rdata[3]                                                 -4.676  (VIOLATED)
   rdata[5]                                                 -3.790  (VIOLATED)
   rdata[6]                                                 -3.687  (VIOLATED)
   rdata[0]                                                 -3.412  (VIOLATED)
   rdata[1]                                                 -3.363  (VIOLATED)
   rdata[2]                                                 -3.322  (VIOLATED)
   rdata[4]                                                 -3.228  (VIOLATED)
   rdata[7]                                                 -3.155  (VIOLATED)
   rempty                                                   -1.383  (VIOLATED)

   max_delay/setup ('rclk' group)

   Endpoint                                                  Slack
   -----------------------------------------------------------------
   rptr_empty/rempty_reg/D                                  -0.025  (VIOLATED)


   max_capacitance

                             Required        Actual
   Pin                      Capacitance    Capacitance       Slack
   -----------------------------------------------------------------
   fifomem/genblk1_0__U/O2[7]
                              25.000         46.720        -21.720  (VIOLATED)
   fifomem/genblk1_1__U/O2[3]
                              25.000         45.991        -20.991  (VIOLATED)
   fifomem/genblk1_0__U/O2[0]
                              25.000         44.685        -19.685  (VIOLATED)
   fifomem/genblk1_1__U/O2[4]
                              25.000         42.268        -17.268  (VIOLATED)
   fifomem/genblk1_0__U/O2[5]
                              25.000         41.241        -16.241  (VIOLATED)
   fifomem/genblk1_1__U/O2[1]
                              25.000         41.067        -16.067  (VIOLATED)
   fifomem/genblk1_0__U/O2[2]
                              25.000         40.908        -15.908  (VIOLATED)
   fifomem/genblk1_1__U/O2[6]
                              25.000         40.575        -15.575  (VIOLATED)
   fifomem/genblk1_6__U/O2[6]
                              25.000         36.295        -11.295  (VIOLATED)
   fifomem/genblk1_6__U/O2[3]
                              25.000         34.722         -9.722  (VIOLATED)
   fifomem/genblk1_7__U/O2[0]
                              25.000         32.639         -7.639  (VIOLATED)
   fifomem/genblk1_7__U/O2[5]
                              25.000         31.416         -6.416  (VIOLATED)
   fifomem/genblk1_6__U/O2[0]
                              25.000         31.199         -6.199  (VIOLATED)
   fifomem/genblk1_6__U/O2[2]
                              25.000         31.118         -6.118  (VIOLATED)
   fifomem/genblk1_7__U/O2[1]
                              25.000         30.723         -5.723  (VIOLATED)
   fifomem/genblk1_6__U/O2[7]
                              25.000         30.676         -5.676  (VIOLATED)
   fifomem/genblk1_7__U/O2[6]
                              25.000         30.595         -5.595  (VIOLATED)
   fifomem/genblk1_6__U/O2[1]
                              25.000         29.559         -4.559  (VIOLATED)
   fifomem/genblk1_7__U/O2[2]
                              25.000         28.202         -3.202  (VIOLATED)
   fifomem/genblk1_7__U/O2[3]
                              25.000         27.431         -2.431  (VIOLATED)
   fifomem/genblk1_6__U/O2[4]
                              25.000         26.551         -1.551  (VIOLATED)
   fifomem/genblk1_6__U/O2[5]
                              25.000         25.872         -0.872  (VIOLATED)


   min_capacitance

                             Required        Actual
   Pin                      Capacitance    Capacitance       Slack
   -----------------------------------------------------------------
   fifomem/genblk1_0__U/O1[0]
                               0.100          0.011         -0.089  (VIOLATED)
   fifomem/genblk1_0__U/O1[1]
                               0.100          0.011         -0.089  (VIOLATED)
   fifomem/genblk1_0__U/O1[2]
                               0.100          0.011         -0.089  (VIOLATED)
   fifomem/genblk1_0__U/O1[3]
                               0.100          0.011         -0.089  (VIOLATED)
   fifomem/genblk1_0__U/O1[4]
                               0.100          0.011         -0.089  (VIOLATED)
   fifomem/genblk1_0__U/O1[5]
                               0.100          0.011         -0.089  (VIOLATED)
   fifomem/genblk1_0__U/O1[6]
                               0.100          0.011         -0.089  (VIOLATED)
   fifomem/genblk1_0__U/O1[7]
                               0.100          0.011         -0.089  (VIOLATED)
   fifomem/genblk1_1__U/O1[0]
                               0.100          0.011         -0.089  (VIOLATED)
   fifomem/genblk1_1__U/O1[1]
                               0.100          0.011         -0.089  (VIOLATED)
   fifomem/genblk1_1__U/O1[2]
                               0.100          0.011         -0.089  (VIOLATED)
   fifomem/genblk1_1__U/O1[3]
                               0.100          0.011         -0.089  (VIOLATED)
   fifomem/genblk1_1__U/O1[4]
                               0.100          0.011         -0.089  (VIOLATED)
   fifomem/genblk1_1__U/O1[5]
                               0.100          0.011         -0.089  (VIOLATED)
   fifomem/genblk1_1__U/O1[6]
                               0.100          0.011         -0.089  (VIOLATED)
   fifomem/genblk1_1__U/O1[7]
                               0.100          0.011         -0.089  (VIOLATED)
   fifomem/genblk1_2__U/O1[0]
                               0.100          0.011         -0.089  (VIOLATED)
   fifomem/genblk1_2__U/O1[1]
                               0.100          0.011         -0.089  (VIOLATED)
   fifomem/genblk1_2__U/O1[2]
                               0.100          0.011         -0.089  (VIOLATED)
   fifomem/genblk1_2__U/O1[3]
                               0.100          0.011         -0.089  (VIOLATED)
   fifomem/genblk1_2__U/O1[4]
                               0.100          0.011         -0.089  (VIOLATED)
   fifomem/genblk1_2__U/O1[5]
                               0.100          0.011         -0.089  (VIOLATED)
   fifomem/genblk1_2__U/O1[6]
                               0.100          0.011         -0.089  (VIOLATED)
   fifomem/genblk1_2__U/O1[7]
                               0.100          0.011         -0.089  (VIOLATED)
   fifomem/genblk1_3__U/O1[0]
                               0.100          0.011         -0.089  (VIOLATED)
   fifomem/genblk1_3__U/O1[1]
                               0.100          0.011         -0.089  (VIOLATED)
   fifomem/genblk1_3__U/O1[2]
                               0.100          0.011         -0.089  (VIOLATED)
   fifomem/genblk1_3__U/O1[3]
                               0.100          0.011         -0.089  (VIOLATED)
   fifomem/genblk1_3__U/O1[4]
                               0.100          0.011         -0.089  (VIOLATED)
   fifomem/genblk1_3__U/O1[5]
                               0.100          0.011         -0.089  (VIOLATED)
   fifomem/genblk1_3__U/O1[6]
                               0.100          0.011         -0.089  (VIOLATED)
   fifomem/genblk1_3__U/O1[7]
                               0.100          0.011         -0.089  (VIOLATED)
   fifomem/genblk1_4__U/O1[0]
                               0.100          0.011         -0.089  (VIOLATED)
   fifomem/genblk1_4__U/O1[1]
                               0.100          0.011         -0.089  (VIOLATED)
   fifomem/genblk1_4__U/O1[2]
                               0.100          0.011         -0.089  (VIOLATED)
   fifomem/genblk1_4__U/O1[3]
                               0.100          0.011         -0.089  (VIOLATED)
   fifomem/genblk1_4__U/O1[4]
                               0.100          0.011         -0.089  (VIOLATED)
   fifomem/genblk1_4__U/O1[5]
                               0.100          0.011         -0.089  (VIOLATED)
   fifomem/genblk1_4__U/O1[6]
                               0.100          0.011         -0.089  (VIOLATED)
   fifomem/genblk1_4__U/O1[7]
                               0.100          0.011         -0.089  (VIOLATED)
   fifomem/genblk1_5__U/O1[0]
                               0.100          0.011         -0.089  (VIOLATED)
   fifomem/genblk1_5__U/O1[1]
                               0.100          0.011         -0.089  (VIOLATED)
   fifomem/genblk1_5__U/O1[2]
                               0.100          0.011         -0.089  (VIOLATED)
   fifomem/genblk1_5__U/O1[3]
                               0.100          0.011         -0.089  (VIOLATED)
   fifomem/genblk1_5__U/O1[4]
                               0.100          0.011         -0.089  (VIOLATED)
   fifomem/genblk1_5__U/O1[5]
                               0.100          0.011         -0.089  (VIOLATED)
   fifomem/genblk1_5__U/O1[6]
                               0.100          0.011         -0.089  (VIOLATED)
   fifomem/genblk1_5__U/O1[7]
                               0.100          0.011         -0.089  (VIOLATED)
   fifomem/genblk1_6__U/O1[0]
                               0.100          0.011         -0.089  (VIOLATED)
   fifomem/genblk1_6__U/O1[1]
                               0.100          0.011         -0.089  (VIOLATED)
   fifomem/genblk1_6__U/O1[2]
                               0.100          0.011         -0.089  (VIOLATED)
   fifomem/genblk1_6__U/O1[3]
                               0.100          0.011         -0.089  (VIOLATED)
   fifomem/genblk1_6__U/O1[4]
                               0.100          0.011         -0.089  (VIOLATED)
   fifomem/genblk1_6__U/O1[5]
                               0.100          0.011         -0.089  (VIOLATED)
   fifomem/genblk1_6__U/O1[6]
                               0.100          0.011         -0.089  (VIOLATED)
   fifomem/genblk1_6__U/O1[7]
                               0.100          0.011         -0.089  (VIOLATED)
   fifomem/genblk1_7__U/O1[0]
                               0.100          0.011         -0.089  (VIOLATED)
   fifomem/genblk1_7__U/O1[1]
                               0.100          0.011         -0.089  (VIOLATED)
   fifomem/genblk1_7__U/O1[2]
                               0.100          0.011         -0.089  (VIOLATED)
   fifomem/genblk1_7__U/O1[3]
                               0.100          0.011         -0.089  (VIOLATED)
   fifomem/genblk1_7__U/O1[4]
                               0.100          0.011         -0.089  (VIOLATED)
   fifomem/genblk1_7__U/O1[5]
                               0.100          0.011         -0.089  (VIOLATED)
   fifomem/genblk1_7__U/O1[6]
                               0.100          0.011         -0.089  (VIOLATED)
   fifomem/genblk1_7__U/O1[7]
                               0.100          0.011         -0.089  (VIOLATED)


   max_transition

                             Required        Actual
   Pin                      Transition     Transition        Slack
   -----------------------------------------------------------------
   io_b_rclk/PADIO             3.200          3.568         -0.368  (VIOLATED)
   io_b_rinc/PADIO             3.200          3.568         -0.368  (VIOLATED)
   io_b_rrst_n/PADIO           3.200          3.568         -0.368  (VIOLATED)
   io_b_wclk/PADIO             3.200          3.568         -0.368  (VIOLATED)
   io_b_wclk2x/PADIO           3.200          3.568         -0.368  (VIOLATED)
   io_b_winc/PADIO             3.200          3.568         -0.368  (VIOLATED)
   io_b_wrst_n/PADIO           3.200          3.568         -0.368  (VIOLATED)
   io_r_wdata_in_0_/PADIO      3.200          3.568         -0.368  (VIOLATED)
   io_r_wdata_in_1_/PADIO      3.200          3.568         -0.368  (VIOLATED)
   io_r_wdata_in_2_/PADIO      3.200          3.568         -0.368  (VIOLATED)
   io_r_wdata_in_3_/PADIO      3.200          3.568         -0.368  (VIOLATED)
   io_r_wdata_in_4_/PADIO      3.200          3.568         -0.368  (VIOLATED)
   io_r_wdata_in_5_/PADIO      3.200          3.568         -0.368  (VIOLATED)
   io_r_wdata_in_6_/PADIO      3.200          3.568         -0.368  (VIOLATED)
   io_r_wdata_in_7_/PADIO      3.200          3.568         -0.368  (VIOLATED)


1
