
                                  PYDB_Server 

         Version Q-2019.12-SP2-4 for linux64 - Apr 25, 2020 cl#5500898

                    Copyright (c) 2007 - 2020 Synopsys, Inc.
   This software and the associated documentation are proprietary to Synopsys,
 Inc. This software may only be used in accordance with the terms and conditions
 of a written license agreement with Synopsys, Inc. All other use, reproduction,
            or distribution of this software is strictly prohibited.

variable width coordinate support enabled.
Listening for connections on port 8137
PYDB_Server Started on host mo.ece.pdx.edu, Mon 06/01/2020 10:46:24
Client mo.ece.pdx.edu(8492):32 connected (1 total client)
Verified current licenses.
SQLite page_size=65536
SQLite cache_size=65536
SQLite mmap_size=0
SQLite journal_mode=OFF
SQLite version 3.24.0
Client mo.ece.pdx.edu(9014):38 connected (2 total clients)
Client mo.ece.pdx.edu(9020):39 connected (3 total clients)
Client mo.ece.pdx.edu(9034):40 connected (4 total clients)
Client mo.ece.pdx.edu(9040):41 connected (5 total clients)
Client mo.ece.pdx.edu(9036):42 connected (6 total clients)
Client mo.ece.pdx.edu(9006):43 connected (7 total clients)
Client mo.ece.pdx.edu(9018):44 connected (8 total clients)
Client mo.ece.pdx.edu(9035):45 connected (9 total clients)
Client mo.ece.pdx.edu(9027):46 connected (10 total clients)
Client mo.ece.pdx.edu(9043):47 connected (11 total clients)
Client mo.ece.pdx.edu(9005):48 connected (12 total clients)
Client mo.ece.pdx.edu(9039):49 connected (13 total clients)
Client mo.ece.pdx.edu(9009):50 connected (14 total clients)
Client mo.ece.pdx.edu(9021):51 connected (15 total clients)
Client mo.ece.pdx.edu(9019):52 connected (16 total clients)
Client mo.ece.pdx.edu(9033):53 connected (17 total clients)
Client mo.ece.pdx.edu(9010):54 connected (18 total clients)
Client mo.ece.pdx.edu(8996):55 connected (19 total clients)
Client mo.ece.pdx.edu(9017):56 connected (20 total clients)
Client mo.ece.pdx.edu(9022):57 connected (21 total clients)
Client mo.ece.pdx.edu(9015):58 connected (22 total clients)
Client mo.ece.pdx.edu(9042):59 connected (23 total clients)
Client mo.ece.pdx.edu(9016):60 connected (24 total clients)
Client mo.ece.pdx.edu(9041):61 connected (25 total clients)
Client mo.ece.pdx.edu(9012):62 connected (26 total clients)
Client mo.ece.pdx.edu(9011):63 connected (27 total clients)
Client mo.ece.pdx.edu(8999):64 connected (28 total clients)
Client mo.ece.pdx.edu(9038):65 connected (29 total clients)
Client mo.ece.pdx.edu(9032):66 connected (30 total clients)
Client mo.ece.pdx.edu(9024):67 connected (31 total clients)
Client mo.ece.pdx.edu(9004):68 connected (32 total clients)
Client mo.ece.pdx.edu(9026):69 connected (33 total clients)
Client mo.ece.pdx.edu(9006):43 connection closed
Client mo.ece.pdx.edu(9006):43 disconnected (32 clients remain)
Client mo.ece.pdx.edu(9016):60 connection closed
Client mo.ece.pdx.edu(9019):52 connection closed
Client mo.ece.pdx.edu(9010):54 connection closed
Client mo.ece.pdx.edu(8996):55 connection closed
Client mo.ece.pdx.edu(9033):53 connection closed
Client mo.ece.pdx.edu(9015):58 connection closed
Client mo.ece.pdx.edu(9042):59 connection closed
Client mo.ece.pdx.edu(9019):52 disconnected (31 clients remain)
Client mo.ece.pdx.edu(9033):53 disconnected (30 clients remain)
Client mo.ece.pdx.edu(9010):54 disconnected (29 clients remain)
Client mo.ece.pdx.edu(8996):55 disconnected (28 clients remain)
Client mo.ece.pdx.edu(9015):58 disconnected (27 clients remain)
Client mo.ece.pdx.edu(9042):59 disconnected (26 clients remain)
Client mo.ece.pdx.edu(9016):60 disconnected (25 clients remain)
Client mo.ece.pdx.edu(9017):56 connection closed
Client mo.ece.pdx.edu(9017):56 disconnected (24 clients remain)
Client mo.ece.pdx.edu(9009):50 connection closed
Client mo.ece.pdx.edu(9009):50 disconnected (23 clients remain)
Client mo.ece.pdx.edu(9041):61 connection closed
Client mo.ece.pdx.edu(9041):61 disconnected (22 clients remain)
Client mo.ece.pdx.edu(9006):43 connected (23 total clients)
Client mo.ece.pdx.edu(9011):63 connection closed
Client mo.ece.pdx.edu(9011):63 disconnected (22 clients remain)
Client mo.ece.pdx.edu(9006):43 connection closed
Client mo.ece.pdx.edu(9006):43 disconnected (21 clients remain)
Client mo.ece.pdx.edu(9016):43 connected (22 total clients)
Client mo.ece.pdx.edu(9019):50 connected (23 total clients)
Client mo.ece.pdx.edu(9017):52 connected (24 total clients)
Client mo.ece.pdx.edu(9015):53 connected (25 total clients)
Client mo.ece.pdx.edu(9011):54 connected (26 total clients)
Client mo.ece.pdx.edu(9010):55 connected (27 total clients)
Client mo.ece.pdx.edu(9041):56 connected (28 total clients)
Client mo.ece.pdx.edu(9009):58 connected (29 total clients)
Client mo.ece.pdx.edu(8996):59 connected (30 total clients)
Client mo.ece.pdx.edu(9042):60 connected (31 total clients)
Client mo.ece.pdx.edu(9016):43 connection closed
Client mo.ece.pdx.edu(9016):43 disconnected (30 clients remain)
Client mo.ece.pdx.edu(9019):50 connection closed
Client mo.ece.pdx.edu(9019):50 disconnected (29 clients remain)
Client mo.ece.pdx.edu(9017):52 connection closed
Client mo.ece.pdx.edu(9017):52 disconnected (28 clients remain)
Client mo.ece.pdx.edu(9011):54 connection closed
Client mo.ece.pdx.edu(9015):53 connection closed
Client mo.ece.pdx.edu(9015):53 disconnected (27 clients remain)
Client mo.ece.pdx.edu(9011):54 disconnected (26 clients remain)
Client mo.ece.pdx.edu(9042):60 connection closed
Client mo.ece.pdx.edu(9042):60 disconnected (25 clients remain)
Client mo.ece.pdx.edu(9006):43 connected (26 total clients)
Client mo.ece.pdx.edu(9033):50 connected (27 total clients)
Client mo.ece.pdx.edu(9006):43 connection closed
Client mo.ece.pdx.edu(9006):43 disconnected (26 clients remain)
Client mo.ece.pdx.edu(9041):56 connection closed
Client mo.ece.pdx.edu(9041):56 disconnected (25 clients remain)
Client mo.ece.pdx.edu(8996):59 connection closed
Client mo.ece.pdx.edu(8996):59 disconnected (24 clients remain)
Client mo.ece.pdx.edu(9009):58 connection closed
Client mo.ece.pdx.edu(9009):58 disconnected (23 clients remain)
Client mo.ece.pdx.edu(9010):55 connection closed
Client mo.ece.pdx.edu(9010):55 disconnected (22 clients remain)
Client mo.ece.pdx.edu(9033):50 connection closed
Client mo.ece.pdx.edu(9033):50 disconnected (21 clients remain)
Client mo.ece.pdx.edu(9019):43 connected (22 total clients)
Client mo.ece.pdx.edu(9016):50 connected (23 total clients)
Client mo.ece.pdx.edu(9011):52 connected (24 total clients)
Client mo.ece.pdx.edu(9017):53 connected (25 total clients)
Client mo.ece.pdx.edu(9015):54 connected (26 total clients)
Client mo.ece.pdx.edu(9042):55 connected (27 total clients)
Client mo.ece.pdx.edu(8996):56 connected (28 total clients)
Client mo.ece.pdx.edu(9010):58 connected (29 total clients)
Client mo.ece.pdx.edu(9009):59 connected (30 total clients)
Client mo.ece.pdx.edu(9006):60 connected (31 total clients)
Client mo.ece.pdx.edu(9041):61 connected (32 total clients)
Client mo.ece.pdx.edu(9033):63 connected (33 total clients)
Client mo.ece.pdx.edu(9005):48 connection closed
Client mo.ece.pdx.edu(9005):48 disconnected (32 clients remain)
Client mo.ece.pdx.edu(9022):57 connection closed
Client mo.ece.pdx.edu(9022):57 disconnected (31 clients remain)
Client mo.ece.pdx.edu(9005):48 connected (32 total clients)
Client mo.ece.pdx.edu(9005):48 connection closed
Client mo.ece.pdx.edu(9005):48 disconnected (31 clients remain)
Client mo.ece.pdx.edu(9022):48 connected (32 total clients)
Client mo.ece.pdx.edu(9022):48 connection closed
Client mo.ece.pdx.edu(9022):48 disconnected (31 clients remain)
Client mo.ece.pdx.edu(9005):48 connected (32 total clients)
Client mo.ece.pdx.edu(9039):49 connection closed
Client mo.ece.pdx.edu(9039):49 disconnected (31 clients remain)
Client mo.ece.pdx.edu(9022):49 connected (32 total clients)
Client mo.ece.pdx.edu(9039):57 connected (33 total clients)
Client mo.ece.pdx.edu(9039):57 connection closed
Client mo.ece.pdx.edu(9039):57 disconnected (32 clients remain)
Client mo.ece.pdx.edu(9039):57 connected (33 total clients)
Client mo.ece.pdx.edu(9021):51 connection closed
Client mo.ece.pdx.edu(9021):51 disconnected (32 clients remain)
Client mo.ece.pdx.edu(9021):51 connected (33 total clients)
Client mo.ece.pdx.edu(9021):51 connection closed
Client mo.ece.pdx.edu(9021):51 disconnected (32 clients remain)
Client mo.ece.pdx.edu(9021):51 connected (33 total clients)
Client mo.ece.pdx.edu(9034):40 connection closed
Client mo.ece.pdx.edu(9034):40 disconnected (32 clients remain)
Client mo.ece.pdx.edu(9032):66 connection closed
Client mo.ece.pdx.edu(9032):66 disconnected (31 clients remain)
Client mo.ece.pdx.edu(9035):45 connection closed
Client mo.ece.pdx.edu(9035):45 disconnected (30 clients remain)
Client mo.ece.pdx.edu(9026):69 connection closed
Client mo.ece.pdx.edu(9026):69 disconnected (29 clients remain)
Client mo.ece.pdx.edu(9038):65 connection closed
Client mo.ece.pdx.edu(9038):65 disconnected (28 clients remain)
Client mo.ece.pdx.edu(9024):67 connection closed
Client mo.ece.pdx.edu(9024):67 disconnected (27 clients remain)
Client mo.ece.pdx.edu(9006):60 connection closed
Client mo.ece.pdx.edu(9006):60 disconnected (26 clients remain)
Client mo.ece.pdx.edu(9024):40 connected (27 total clients)
Client mo.ece.pdx.edu(9032):45 connected (28 total clients)
Client mo.ece.pdx.edu(9038):60 connected (29 total clients)
Client mo.ece.pdx.edu(9026):65 connected (30 total clients)
Client mo.ece.pdx.edu(9035):66 connected (31 total clients)
Client mo.ece.pdx.edu(9034):67 connected (32 total clients)
Client mo.ece.pdx.edu(9006):69 connected (33 total clients)
Begin error insertion: /u/divyaj2/ECE510-2020-SPRING/project/apr/work/saed32nm_1p9m_drc_rules.rs:2959:not
Error insertion complete: /u/divyaj2/ECE510-2020-SPRING/project/apr/work/saed32nm_1p9m_drc_rules.rs:2959:not
  Error Insertion Time=0:00:00  User=0.00 Sys=0.01 Mem=0.001 GB SQLite=0.006 GB Unpooled=0.000 GB
Begin error insertion: /u/divyaj2/ECE510-2020-SPRING/project/apr/work/saed32nm_1p9m_drc_rules.rs:2964:enclose
Error insertion complete: /u/divyaj2/ECE510-2020-SPRING/project/apr/work/saed32nm_1p9m_drc_rules.rs:2964:enclose
  Error Insertion Time=0:00:00  User=0.00 Sys=0.00 Mem=0.001 GB SQLite=0.006 GB Unpooled=0.000 GB
Begin error insertion: /u/divyaj2/ECE510-2020-SPRING/project/apr/work/saed32nm_1p9m_drc_rules.rs:1947:external2
Error insertion complete: /u/divyaj2/ECE510-2020-SPRING/project/apr/work/saed32nm_1p9m_drc_rules.rs:1947:external2
  Error Insertion Time=0:00:00  User=0.00 Sys=0.00 Mem=0.001 GB SQLite=0.007 GB Unpooled=0.000 GB
Begin error insertion: /u/divyaj2/ECE510-2020-SPRING/project/apr/work/saed32nm_1p9m_drc_rules.rs:1587:external2
Error insertion complete: /u/divyaj2/ECE510-2020-SPRING/project/apr/work/saed32nm_1p9m_drc_rules.rs:1587:external2
  Error Insertion Time=0:00:00  User=0.00 Sys=0.00 Mem=0.001 GB SQLite=0.007 GB Unpooled=0.000 GB
Begin error insertion: /u/divyaj2/ECE510-2020-SPRING/project/apr/work/saed32nm_1p9m_drc_rules.rs:1391:external2
Error insertion complete: /u/divyaj2/ECE510-2020-SPRING/project/apr/work/saed32nm_1p9m_drc_rules.rs:1391:external2
  Error Insertion Time=0:00:00  User=0.00 Sys=0.00 Mem=0.001 GB SQLite=0.007 GB Unpooled=0.000 GB
Begin error insertion: /u/divyaj2/ECE510-2020-SPRING/project/apr/work/saed32nm_1p9m_drc_rules.rs:1229:external2
Error insertion complete: /u/divyaj2/ECE510-2020-SPRING/project/apr/work/saed32nm_1p9m_drc_rules.rs:1229:external2
  Error Insertion Time=0:00:00  User=0.00 Sys=0.00 Mem=0.001 GB SQLite=0.007 GB Unpooled=0.000 GB
Begin error insertion: /u/divyaj2/ECE510-2020-SPRING/project/apr/work/saed32nm_1p9m_drc_rules.rs:1119:internal1
Error insertion complete: /u/divyaj2/ECE510-2020-SPRING/project/apr/work/saed32nm_1p9m_drc_rules.rs:1119:internal1
  Error Insertion Time=0:00:00  User=0.00 Sys=0.00 Mem=0.001 GB SQLite=0.007 GB Unpooled=0.000 GB
Begin error insertion: /u/divyaj2/ECE510-2020-SPRING/project/apr/work/saed32nm_1p9m_drc_rules.rs:2994:not
Error insertion complete: /u/divyaj2/ECE510-2020-SPRING/project/apr/work/saed32nm_1p9m_drc_rules.rs:2994:not
  Error Insertion Time=0:00:00  User=0.00 Sys=0.00 Mem=0.001 GB SQLite=0.007 GB Unpooled=0.000 GB
Begin error insertion: /u/divyaj2/ECE510-2020-SPRING/project/apr/work/saed32nm_1p9m_drc_rules.rs:3658:not
Error insertion complete: /u/divyaj2/ECE510-2020-SPRING/project/apr/work/saed32nm_1p9m_drc_rules.rs:3658:not
  Error Insertion Time=0:00:00  User=0.00 Sys=0.00 Mem=0.001 GB SQLite=0.007 GB Unpooled=0.000 GB
Begin error insertion: /u/divyaj2/ECE510-2020-SPRING/project/apr/work/saed32nm_1p9m_drc_rules.rs:1257:or
Error insertion complete: /u/divyaj2/ECE510-2020-SPRING/project/apr/work/saed32nm_1p9m_drc_rules.rs:1257:or
  Error Insertion Time=0:00:00  User=0.00 Sys=0.00 Mem=0.001 GB SQLite=0.008 GB Unpooled=0.000 GB
Client mo.ece.pdx.edu(9026):65 connection closed
Client mo.ece.pdx.edu(9026):65 disconnected (32 clients remain)
Client mo.ece.pdx.edu(9026):65 connected (33 total clients)
Client mo.ece.pdx.edu(9006):69 connection closed
Client mo.ece.pdx.edu(9006):69 disconnected (32 clients remain)
Client mo.ece.pdx.edu(9022):49 connection closed
Client mo.ece.pdx.edu(9022):49 disconnected (31 clients remain)
Client mo.ece.pdx.edu(9011):52 connection closed
Client mo.ece.pdx.edu(9015):54 connection closed
Client mo.ece.pdx.edu(9041):61 connection closed
Client mo.ece.pdx.edu(9033):63 connection closed
Client mo.ece.pdx.edu(9038):60 connection closed
Client mo.ece.pdx.edu(9019):43 connection closed
Client mo.ece.pdx.edu(9016):50 connection closed
Client mo.ece.pdx.edu(9017):53 connection closed
Client mo.ece.pdx.edu(9010):58 connection closed
Client mo.ece.pdx.edu(9009):59 connection closed
Client mo.ece.pdx.edu(9021):51 connection closed
Client mo.ece.pdx.edu(9005):48 connection closed
Client mo.ece.pdx.edu(9024):40 connection closed
Client mo.ece.pdx.edu(9032):45 connection closed
Client mo.ece.pdx.edu(9035):66 connection closed
Client mo.ece.pdx.edu(9034):67 connection closed
Client mo.ece.pdx.edu(9026):65 connection closed
Client mo.ece.pdx.edu(9019):43 disconnected (30 clients remain)
Client mo.ece.pdx.edu(9016):50 disconnected (29 clients remain)
Client mo.ece.pdx.edu(9011):52 disconnected (28 clients remain)
Client mo.ece.pdx.edu(9017):53 disconnected (27 clients remain)
Client mo.ece.pdx.edu(9015):54 disconnected (26 clients remain)
Client mo.ece.pdx.edu(9010):58 disconnected (25 clients remain)
Client mo.ece.pdx.edu(9009):59 disconnected (24 clients remain)
Client mo.ece.pdx.edu(9041):61 disconnected (23 clients remain)
Client mo.ece.pdx.edu(9033):63 disconnected (22 clients remain)
Client mo.ece.pdx.edu(9005):48 disconnected (21 clients remain)
Client mo.ece.pdx.edu(9021):51 disconnected (20 clients remain)
Client mo.ece.pdx.edu(9024):40 disconnected (19 clients remain)
Client mo.ece.pdx.edu(9032):45 disconnected (18 clients remain)
Client mo.ece.pdx.edu(9038):60 disconnected (17 clients remain)
Client mo.ece.pdx.edu(9035):66 disconnected (16 clients remain)
Client mo.ece.pdx.edu(9034):67 disconnected (15 clients remain)
Client mo.ece.pdx.edu(9026):65 disconnected (14 clients remain)
Client mo.ece.pdx.edu(9014):38 connection closed
Client mo.ece.pdx.edu(9020):39 connection closed
Client mo.ece.pdx.edu(9040):41 connection closed
Client mo.ece.pdx.edu(9036):42 connection closed
Client mo.ece.pdx.edu(9018):44 connection closed
Client mo.ece.pdx.edu(9027):46 connection closed
Client mo.ece.pdx.edu(9043):47 connection closed
Client mo.ece.pdx.edu(9012):62 connection closed
Client mo.ece.pdx.edu(9004):68 connection closed
Client mo.ece.pdx.edu(9042):55 connection closed
Client mo.ece.pdx.edu(8996):56 connection closed
Client mo.ece.pdx.edu(9039):57 connection closed
Client mo.ece.pdx.edu(9014):38 disconnected (13 clients remain)
Client mo.ece.pdx.edu(9020):39 disconnected (12 clients remain)
Client mo.ece.pdx.edu(9040):41 disconnected (11 clients remain)
Client mo.ece.pdx.edu(9036):42 disconnected (10 clients remain)
Client mo.ece.pdx.edu(9018):44 disconnected (9 clients remain)
Client mo.ece.pdx.edu(9027):46 disconnected (8 clients remain)
Client mo.ece.pdx.edu(9043):47 disconnected (7 clients remain)
Client mo.ece.pdx.edu(9012):62 disconnected (6 clients remain)
Client mo.ece.pdx.edu(9004):68 disconnected (5 clients remain)
Client mo.ece.pdx.edu(9042):55 disconnected (4 clients remain)
Client mo.ece.pdx.edu(8996):56 disconnected (3 clients remain)
Client mo.ece.pdx.edu(9039):57 disconnected (2 clients remain)
Client mo.ece.pdx.edu(8999):64 connection closed
Client mo.ece.pdx.edu(8999):64 disconnected (1 client remains)
 Total error insertion Time=0:01:21  User=0.00 Sys=0.01 Mem=0.001 GB SQLite=0.008 GB Unpooled=0.000 GB
  Total Commands: 10
  Total Errors: 679
  Avg Time/Cmd: Wall=0 User=0.00 Sys=0.00 Mem=0.001 GB MySQL Mem=0.000 GB
Generating /u/divyaj2/ECE510-2020-SPRING/project/apr/work/signoff_check_drc_run/route2.LAYOUT_ERRORS
  Generation Time=0:00:00  User=0.01 Sys=0.01 Mem=0.001 GB
Shutdown requested by client mo.ece.pdx.edu(8492):32
0 clients remain connected
Client mo.ece.pdx.edu(8492):32 connection closed
Overall server Time=0:01:49  User=0.13 Sys=0.17 Mem=0.001 GB SQLite=0.008 GB Unpooled=0.000 GB
