****************************************
Report : constraint
        -all_violators
Design : ORCA_TOP
Version: P-2019.03-SP1-VAL
Date   : Sat May 30 15:24:09 2020
****************************************

   late_timing
   -----------

Information: Timer using 'SI, Timing Window Analysis, CRPR'. (TIM-050)
Endpoint                         Path Delay     Path Required       CRP    Slack Group    Scenario
----------------------------------------------------------------------------------------------------------
I_PCI_TOP/I_PCI_CORE_mega_shift_reg_2__31_/D (SDFFARX1_LVT)
                                   7.83 f         7.82           0.04    -0.01   PCI_CLK  func_slow
I_PCI_TOP/I_PCI_CORE_mega_shift_reg_5__25_/D (SDFFARX2_RVT)
                                   7.46 f         7.46           0.06    -0.01   PCI_CLK  func_slow
I_PCI_TOP/I_PCI_CORE_mega_shift_reg_3__30_/D (SDFFARX1_LVT)
                                   7.85 f         7.85           0.06    -0.00   PCI_CLK  func_slow
I_PCI_TOP/I_PCI_CORE_mega_shift_reg_1__30_/D (SDFFARX1_LVT)
                                   7.83 f         7.83           0.04    -0.00   PCI_CLK  func_slow
I_PCI_TOP/I_PCI_CORE_mega_shift_reg_5__30_/D (SDFFARX1_LVT)
                                   7.84 f         7.84           0.06    -0.00   PCI_CLK  func_slow
I_PCI_TOP/I_PCI_CORE_mega_shift_reg_9__30_/D (SDFFARX1_LVT)
                                   7.87 f         7.87           0.06    -0.00   PCI_CLK  func_slow
I_RISC_CORE/I_INSTRN_LAT_Crnt_Instrn_2_reg_25_/D (SDFFX2_LVT)
                                   3.57 f         3.56           0.02    -0.01   SYS_2x_CLK
                                                                                          func_slow
I_RISC_CORE/I_INSTRN_LAT_Crnt_Instrn_2_reg_22_/D (SDFFX2_LVT)
                                   3.56 f         3.56           0.02    -0.01   SYS_2x_CLK
                                                                                          func_slow
I_RISC_CORE/I_INSTRN_LAT_Crnt_Instrn_2_reg_30_/D (SDFFX2_LVT)
                                   3.57 f         3.56           0.02    -0.01   SYS_2x_CLK
                                                                                          func_slow
I_RISC_CORE/I_INSTRN_LAT_Crnt_Instrn_2_reg_17_/D (SDFFX1_RVT)
                                   3.54 f         3.54           0.02    -0.00   SYS_2x_CLK
                                                                                          func_slow
I_RISC_CORE/I_INSTRN_LAT_Crnt_Instrn_2_reg_28_/D (SDFFX1_LVT)
                                   3.57 f         3.57           0.02    -0.00   SYS_2x_CLK
                                                                                          func_slow
I_RISC_CORE/I_INSTRN_LAT_Crnt_Instrn_2_reg_20_/D (SDFFX2_LVT)
                                   3.56 r         3.56           0.02    -0.00   SYS_2x_CLK
                                                                                          func_slow
I_RISC_CORE/I_INSTRN_LAT_Crnt_Instrn_2_reg_24_/D (SDFFX2_LVT)
                                   3.56 f         3.56           0.02    -0.00   SYS_2x_CLK
                                                                                          func_slow
I_RISC_CORE/I_INSTRN_LAT_Crnt_Instrn_2_reg_19_/D (SDFFX2_LVT)
                                   3.56 f         3.56           0.02    -0.00   SYS_2x_CLK
                                                                                          func_slow
I_BLENDER_0/R_384/D (SDFFX1_LVT)   7.26 r         5.93           0.14    -1.34   SYS_CLK  func_slow
I_BLENDER_0/R_436/D (SDFFX1_LVT)   7.20 f         5.90           0.14    -1.31   SYS_CLK  func_slow
I_BLENDER_0/R_239/D (SDFFX1_LVT)   7.16 f         5.85           0.14    -1.30   SYS_CLK  func_slow
I_BLENDER_0/R_329/D (SDFFX1_LVT)   7.25 r         5.98           0.14    -1.26   SYS_CLK  func_slow
I_BLENDER_0/R_422/D (SDFFX1_LVT)   7.13 f         5.88           0.14    -1.25   SYS_CLK  func_slow
I_BLENDER_0/R_323/D (SDFFX1_LVT)   7.14 f         5.90           0.14    -1.24   SYS_CLK  func_slow
I_BLENDER_0/R_446/D (SDFFX1_LVT)   7.12 f         5.88           0.14    -1.24   SYS_CLK  func_slow
I_BLENDER_0/R_443/D (SDFFX1_LVT)   7.10 f         5.88           0.14    -1.22   SYS_CLK  func_slow
I_BLENDER_0/R_519/D (SDFFX1_LVT)   7.03 f         5.85           0.14    -1.19   SYS_CLK  func_slow
I_BLENDER_0/R_521/D (SDFFX1_LVT)   7.03 f         5.87           0.14    -1.16   SYS_CLK  func_slow
I_BLENDER_0/R_423/D (SDFFX1_LVT)   7.06 r         5.92           0.14    -1.14   SYS_CLK  func_slow
I_BLENDER_0/R_438/D (SDFFX1_LVT)   6.93 f         5.86           0.14    -1.07   SYS_CLK  func_slow
I_BLENDER_0/R_522/D (SDFFX1_LVT)   6.94 f         5.91           0.18    -1.03   SYS_CLK  func_slow
I_BLENDER_0/R_439/D (SDFFX1_LVT)   6.84 f         5.88           0.14    -0.96   SYS_CLK  func_slow
I_BLENDER_0/R_179/D (SDFFX1_LVT)   6.80 f         5.87           0.14    -0.93   SYS_CLK  func_slow
I_BLENDER_0/R_248/D (SDFFX1_LVT)   6.68 r         5.98           0.19    -0.70   SYS_CLK  func_slow
I_BLENDER_0/R_493/D (SDFFX1_LVT)   6.61 f         5.92           0.19    -0.69   SYS_CLK  func_slow
I_BLENDER_0/R_391/D (SDFFX1_LVT)   6.61 f         5.93           0.19    -0.69   SYS_CLK  func_slow
I_BLENDER_0/R_507/D (SDFFX1_LVT)   6.55 f         5.91           0.19    -0.64   SYS_CLK  func_slow
I_BLENDER_0/R_699/D (SDFFX1_LVT)   6.54 f         5.91           0.19    -0.63   SYS_CLK  func_slow
I_BLENDER_0/R_697/D (SDFFX1_LVT)   6.61 r         5.99           0.19    -0.62   SYS_CLK  func_slow
I_BLENDER_0/R_704/D (SDFFX1_LVT)   6.53 f         5.91           0.19    -0.62   SYS_CLK  func_slow
I_BLENDER_0/R_504/D (SDFFX1_LVT)   6.52 f         5.90           0.19    -0.61   SYS_CLK  func_slow
I_BLENDER_0/R_738/D (SDFFX1_LVT)   6.50 f         5.91           0.19    -0.60   SYS_CLK  func_slow
I_BLENDER_0/R_701/D (SDFFX1_LVT)   6.47 f         5.89           0.19    -0.59   SYS_CLK  func_slow
I_BLENDER_0/R_160/D (SDFFX1_LVT)   6.38 f         5.86           0.14    -0.52   SYS_CLK  func_slow
I_BLENDER_0/R_745/D (SDFFX1_LVT)   6.41 f         5.91           0.19    -0.50   SYS_CLK  func_slow
I_BLENDER_0/R_495/D (SDFFX1_LVT)   6.37 f         5.88           0.19    -0.49   SYS_CLK  func_slow
I_BLENDER_0/R_332/D (SDFFX1_LVT)   6.41 f         5.92           0.19    -0.48   SYS_CLK  func_slow
I_BLENDER_0/R_158/D (SDFFX1_LVT)   6.37 f         5.89           0.19    -0.48   SYS_CLK  func_slow
I_BLENDER_1/R_452/D (SDFFX1_LVT)   6.39 f         5.92           0.15    -0.47   SYS_CLK  func_slow
I_BLENDER_0/R_432/D (SDFFX1_LVT)   6.39 f         5.92           0.19    -0.46   SYS_CLK  func_slow
I_BLENDER_1/R_298/D (SDFFX1_LVT)   6.35 f         5.90           0.15    -0.45   SYS_CLK  func_slow
I_BLENDER_1/R_235/D (SDFFX1_LVT)   6.33 f         5.88           0.15    -0.45   SYS_CLK  func_slow
I_BLENDER_1/R_310/D (SDFFX1_LVT)   6.33 f         5.89           0.15    -0.44   SYS_CLK  func_slow
I_BLENDER_1/R_482/D (SDFFX1_LVT)   6.34 f         5.90           0.15    -0.44   SYS_CLK  func_slow
I_BLENDER_0/R_496/D (SDFFX1_LVT)   6.32 f         5.90           0.19    -0.42   SYS_CLK  func_slow
I_BLENDER_1/R_508/D (SDFFX1_LVT)   6.31 f         5.90           0.15    -0.42   SYS_CLK  func_slow
I_BLENDER_1/R_464/D (SDFFX1_LVT)   6.33 f         5.91           0.15    -0.41   SYS_CLK  func_slow
I_BLENDER_1/R_658/D (SDFFX1_LVT)   6.33 f         5.92           0.15    -0.41   SYS_CLK  func_slow
I_BLENDER_1/R_511/D (SDFFX1_LVT)   6.31 f         5.90           0.15    -0.41   SYS_CLK  func_slow
I_BLENDER_1/R_604/D (SDFFX1_LVT)   6.33 f         5.93           0.15    -0.40   SYS_CLK  func_slow
I_BLENDER_0/s3_op1_reg_25_/D (SDFFX1_LVT)
                                   6.33 r         5.93           0.14    -0.40   SYS_CLK  func_slow
I_BLENDER_0/s3_op1_reg_31_/D (SDFFX1_LVT)
                                   6.26 f         5.87           0.14    -0.39   SYS_CLK  func_slow
I_BLENDER_0/R_450/D (SDFFX1_LVT)   6.30 f         5.91           0.19    -0.39   SYS_CLK  func_slow
I_BLENDER_1/R_746/D (SDFFX1_LVT)   6.28 f         5.90           0.15    -0.38   SYS_CLK  func_slow
I_BLENDER_0/R_447/D (SDFFX1_LVT)   6.29 f         5.91           0.19    -0.38   SYS_CLK  func_slow
I_BLENDER_0/s4_op2_reg_31_/D (SDFFX1_LVT)
                                   6.30 f         5.92           0.18    -0.38   SYS_CLK  func_slow
I_BLENDER_1/s4_op1_reg_18_/D (SDFFX1_LVT)
                                   6.29 f         5.90           0.15    -0.38   SYS_CLK  func_slow
I_BLENDER_0/R_744/D (SDFFX1_LVT)   6.27 f         5.89           0.19    -0.38   SYS_CLK  func_slow
I_BLENDER_1/R_395/D (SDFFX1_LVT)   6.28 f         5.90           0.15    -0.37   SYS_CLK  func_slow
I_BLENDER_0/s4_op2_reg_30_/D (SDFFX1_LVT)
                                   6.35 r         5.98           0.18    -0.37   SYS_CLK  func_slow
I_BLENDER_0/R_525/D (SDFFX1_LVT)   6.28 f         5.91           0.19    -0.37   SYS_CLK  func_slow
I_BLENDER_1/R_488/D (SDFFX1_LVT)   6.27 f         5.90           0.15    -0.37   SYS_CLK  func_slow
I_BLENDER_1/s4_op2_reg_19_/D (SDFFX1_LVT)
                                   6.28 f         5.91           0.15    -0.37   SYS_CLK  func_slow
I_BLENDER_1/R_375/D (SDFFX1_LVT)   6.29 f         5.92           0.19    -0.37   SYS_CLK  func_slow
I_BLENDER_0/s3_op1_reg_29_/D (SDFFX1_LVT)
                                   6.25 f         5.89           0.14    -0.37   SYS_CLK  func_slow
I_BLENDER_1/s4_op1_reg_21_/D (SDFFX1_LVT)
                                   6.25 f         5.88           0.15    -0.36   SYS_CLK  func_slow
I_BLENDER_1/R_476/D (SDFFX1_LVT)   6.24 f         5.88           0.15    -0.36   SYS_CLK  func_slow
I_BLENDER_1/R_652/D (SDFFX1_LVT)   6.27 f         5.91           0.15    -0.36   SYS_CLK  func_slow
I_BLENDER_0/R_580/D (SDFFX1_LVT)   6.27 f         5.92           0.19    -0.36   SYS_CLK  func_slow
I_BLENDER_0/s3_op1_reg_27_/D (SDFFX1_LVT)
                                   6.21 f         5.86           0.14    -0.35   SYS_CLK  func_slow
I_BLENDER_1/s4_op1_reg_23_/D (SDFFX1_LVT)
                                   6.27 f         5.92           0.15    -0.35   SYS_CLK  func_slow
I_BLENDER_0/R_578/D (SDFFX1_LVT)   6.26 f         5.91           0.19    -0.35   SYS_CLK  func_slow
I_BLENDER_1/R_458/D (SDFFX1_LVT)   6.26 f         5.91           0.15    -0.35   SYS_CLK  func_slow
I_BLENDER_0/R_577/D (SDFFX1_LVT)   6.26 f         5.92           0.19    -0.34   SYS_CLK  func_slow
I_BLENDER_0/R_182/D (SDFFX1_LVT)   6.24 f         5.89           0.19    -0.34   SYS_CLK  func_slow
I_BLENDER_1/R_626/D (SDFFX1_LVT)   6.24 f         5.91           0.15    -0.34   SYS_CLK  func_slow
I_BLENDER_0/R_523/D (SDFFX1_LVT)   6.25 f         5.91           0.19    -0.34   SYS_CLK  func_slow
I_BLENDER_1/R_368/D (SDFFX1_LVT)   6.22 f         5.89           0.15    -0.33   SYS_CLK  func_slow
I_BLENDER_1/R_344/D (SDFFX1_LVT)   6.19 f         5.86           0.13    -0.32   SYS_CLK  func_slow
I_BLENDER_1/R_427/D (SDFFX1_LVT)   6.23 f         5.92           0.19    -0.32   SYS_CLK  func_slow
I_BLENDER_0/R_574/D (SDFFX1_LVT)   6.23 f         5.92           0.19    -0.31   SYS_CLK  func_slow
I_BLENDER_0/s4_op2_reg_26_/D (SDFFX1_LVT)
                                   6.22 f         5.91           0.18    -0.31   SYS_CLK  func_slow
I_BLENDER_1/s4_op2_reg_18_/D (SDFFX1_LVT)
                                   6.22 f         5.91           0.15    -0.31   SYS_CLK  func_slow
I_BLENDER_0/s4_op1_reg_21_/D (SDFFX1_LVT)
                                   6.22 f         5.91           0.18    -0.31   SYS_CLK  func_slow
I_BLENDER_1/R_292/D (SDFFX1_LVT)   6.23 f         5.92           0.19    -0.31   SYS_CLK  func_slow
I_BLENDER_1/s4_op1_reg_22_/D (SDFFX1_LVT)
                                   6.24 f         5.93           0.15    -0.31   SYS_CLK  func_slow
I_BLENDER_1/R_410/D (SDFFX1_LVT)   6.22 f         5.92           0.19    -0.31   SYS_CLK  func_slow
I_BLENDER_1/R_409/D (SDFFX1_LVT)   6.17 f         5.87           0.13    -0.30   SYS_CLK  func_slow
I_BLENDER_0/s3_op1_reg_30_/D (SDFFX1_LVT)
                                   6.20 f         5.90           0.14    -0.30   SYS_CLK  func_slow
I_BLENDER_0/s4_op2_reg_22_/D (SDFFX1_LVT)
                                   6.23 f         5.92           0.18    -0.30   SYS_CLK  func_slow
I_BLENDER_1/R_598/D (SDFFX1_LVT)   6.27 r         5.97           0.15    -0.30   SYS_CLK  func_slow
I_BLENDER_1/R_417/D (SDFFX1_LVT)   6.22 f         5.92           0.19    -0.30   SYS_CLK  func_slow
I_BLENDER_0/s4_op2_reg_24_/D (SDFFX1_LVT)
                                   6.22 f         5.92           0.18    -0.29   SYS_CLK  func_slow
I_BLENDER_0/s4_op1_reg_30_/D (SDFFX1_LVT)
                                   6.22 f         5.93           0.18    -0.29   SYS_CLK  func_slow
I_BLENDER_0/s4_op1_reg_11_/D (SDFFX1_LVT)
                                   6.17 f         5.89           0.18    -0.28   SYS_CLK  func_slow
I_BLENDER_0/s4_op1_reg_31_/D (SDFFX1_LVT)
                                   6.14 f         5.87           0.18    -0.28   SYS_CLK  func_slow
I_BLENDER_1/R_367/D (SDFFX1_LVT)   6.17 f         5.89           0.15    -0.28   SYS_CLK  func_slow
I_BLENDER_1/R_632/D (SDFFX1_LVT)   6.19 f         5.91           0.15    -0.28   SYS_CLK  func_slow
I_BLENDER_0/s4_op1_reg_28_/D (SDFFX1_LVT)
                                   6.18 f         5.91           0.18    -0.27   SYS_CLK  func_slow
I_BLENDER_0/R_435/D (SDFFX1_LVT)   6.19 f         5.92           0.19    -0.27   SYS_CLK  func_slow
I_BLENDER_1/R_413/D (SDFFX1_LVT)   6.19 f         5.92           0.19    -0.27   SYS_CLK  func_slow
I_BLENDER_1/R_747/D (SDFFX1_LVT)   6.15 f         5.88           0.15    -0.27   SYS_CLK  func_slow
I_BLENDER_1/R_638/D (SDFFX1_LVT)   6.18 f         5.91           0.15    -0.26   SYS_CLK  func_slow
I_BLENDER_0/R_559/D (SDFFX1_LVT)   6.18 f         5.92           0.18    -0.26   SYS_CLK  func_slow
I_BLENDER_0/R_553/D (SDFFX1_LVT)   6.16 f         5.90           0.18    -0.26   SYS_CLK  func_slow
I_BLENDER_1/R_620/D (SDFFX1_LVT)   6.16 f         5.90           0.15    -0.26   SYS_CLK  func_slow
I_BLENDER_1/R_414/D (SDFFX1_LVT)   6.17 f         5.91           0.19    -0.25   SYS_CLK  func_slow
I_BLENDER_1/R_646/D (SDFFX1_LVT)   6.15 f         5.90           0.15    -0.25   SYS_CLK  func_slow
I_BLENDER_0/s4_op1_reg_24_/D (SDFFX1_LVT)
                                   6.16 f         5.91           0.18    -0.25   SYS_CLK  func_slow
I_BLENDER_0/s4_op1_reg_19_/D (SDFFX1_LVT)
                                   6.24 r         6.00           0.18    -0.25   SYS_CLK  func_slow
I_BLENDER_0/s4_op1_reg_23_/D (SDFFX1_LVT)
                                   6.13 f         5.89           0.14    -0.25   SYS_CLK  func_slow
I_BLENDER_1/R_470/D (SDFFX1_LVT)   6.14 f         5.90           0.15    -0.24   SYS_CLK  func_slow
I_BLENDER_0/R_526/D (SDFFX1_LVT)   6.20 r         5.96           0.19    -0.24   SYS_CLK  func_slow
I_BLENDER_0/R_434/D (SDFFX1_LVT)   6.18 r         5.95           0.19    -0.23   SYS_CLK  func_slow
I_BLENDER_1/R_586/D (SDFFX1_LVT)   6.15 f         5.91           0.15    -0.23   SYS_CLK  func_slow
I_BLENDER_1/R_416/D (SDFFX1_LVT)   6.15 f         5.92           0.19    -0.23   SYS_CLK  func_slow
I_BLENDER_0/s4_op1_reg_26_/D (SDFFX1_LVT)
                                   6.14 f         5.91           0.18    -0.23   SYS_CLK  func_slow
I_BLENDER_0/s4_op2_reg_29_/D (SDFFX1_LVT)
                                   6.12 f         5.90           0.18    -0.22   SYS_CLK  func_slow
I_BLENDER_0/s4_op1_reg_27_/D (SDFFX1_LVT)
                                   6.14 f         5.92           0.18    -0.22   SYS_CLK  func_slow
I_BLENDER_0/s4_op1_reg_29_/D (SDFFX1_LVT)
                                   6.15 f         5.93           0.18    -0.22   SYS_CLK  func_slow
I_BLENDER_1/R_518/D (SDFFX1_LVT)   6.08 f         5.86           0.13    -0.22   SYS_CLK  func_slow
I_BLENDER_0/R_581/D (SDFFX1_LVT)   6.13 f         5.91           0.19    -0.22   SYS_CLK  func_slow
I_BLENDER_1/R_513/D (SDFFX1_LVT)   6.13 f         5.92           0.19    -0.21   SYS_CLK  func_slow
I_BLENDER_1/R_614/D (SDFFX1_LVT)   6.12 f         5.91           0.15    -0.21   SYS_CLK  func_slow
I_BLENDER_1/R_592/D (SDFFX1_LVT)   6.10 f         5.89           0.15    -0.21   SYS_CLK  func_slow
I_BLENDER_0/s4_op1_reg_22_/D (SDFFX1_LVT)
                                   6.13 f         5.93           0.18    -0.21   SYS_CLK  func_slow
I_BLENDER_1/s4_op1_reg_17_/D (SDFFX1_LVT)
                                   6.09 f         5.88           0.15    -0.21   SYS_CLK  func_slow
I_BLENDER_1/R_499/D (SDFFX1_LVT)   6.10 f         5.90           0.19    -0.20   SYS_CLK  func_slow
I_BLENDER_1/s4_op1_reg_20_/D (SDFFX1_LVT)
                                   6.07 f         5.89           0.15    -0.18   SYS_CLK  func_slow
I_BLENDER_0/s4_op2_reg_28_/D (SDFFX1_LVT)
                                   6.16 r         5.99           0.18    -0.17   SYS_CLK  func_slow
I_BLENDER_1/R_363/D (SDFFX1_LVT)   6.06 f         5.89           0.15    -0.16   SYS_CLK  func_slow
I_BLENDER_0/s3_op2_reg_29_/D (SDFFX2_LVT)
                                   5.97 f         5.81           0.14    -0.16   SYS_CLK  func_slow
I_BLENDER_0/s4_op1_reg_25_/D (SDFFX1_LVT)
                                   6.04 f         5.88           0.14    -0.16   SYS_CLK  func_slow
I_BLENDER_0/s4_op2_reg_20_/D (SDFFX1_LVT)
                                   6.07 f         5.92           0.18    -0.14   SYS_CLK  func_slow
I_BLENDER_1/s4_op1_reg_31_/D (SDFFX1_LVT)
                                   6.04 f         5.90           0.15    -0.14   SYS_CLK  func_slow
I_BLENDER_0/s4_op2_reg_21_/D (SDFFX1_LVT)
                                   6.06 f         5.92           0.18    -0.14   SYS_CLK  func_slow
I_BLENDER_1/R_377/D (SDFFX1_LVT)   6.03 f         5.91           0.15    -0.12   SYS_CLK  func_slow
I_BLENDER_1/R_173/D (SDFFX1_LVT)   6.01 f         5.90           0.19    -0.12   SYS_CLK  func_slow
I_BLENDER_0/s3_op2_reg_31_/D (SDFFX1_LVT)
                                   6.04 r         5.92           0.14    -0.11   SYS_CLK  func_slow
I_BLENDER_1/s4_op1_reg_16_/D (SDFFX1_LVT)
                                   6.06 r         5.95           0.15    -0.11   SYS_CLK  func_slow
I_BLENDER_0/s4_op1_reg_18_/D (SDFFX1_LVT)
                                   6.03 f         5.92           0.18    -0.10   SYS_CLK  func_slow
I_BLENDER_0/s4_op1_reg_20_/D (SDFFX1_LVT)
                                   6.00 f         5.90           0.18    -0.10   SYS_CLK  func_slow
I_BLENDER_0/s4_op2_reg_23_/D (SDFFX1_LVT)
                                   6.09 r         5.99           0.18    -0.10   SYS_CLK  func_slow
I_BLENDER_0/R_176/D (SDFFX1_LVT)   5.99 f         5.90           0.19    -0.09   SYS_CLK  func_slow
I_BLENDER_1/R_268/D (SDFFX1_LVT)   5.98 f         5.90           0.15    -0.08   SYS_CLK  func_slow
I_BLENDER_1/R_333/D (SDFFX1_LVT)   5.98 f         5.90           0.15    -0.08   SYS_CLK  func_slow
I_BLENDER_1/R_351/D (SDFFX1_LVT)   5.95 f         5.88           0.15    -0.07   SYS_CLK  func_slow
I_BLENDER_1/s4_op2_reg_17_/D (SDFFX1_LVT)
                                   6.04 r         5.98           0.15    -0.06   SYS_CLK  func_slow
I_BLENDER_0/s3_op1_reg_22_/D (SDFFX1_LVT)
                                   5.92 f         5.86           0.14    -0.06   SYS_CLK  func_slow
I_BLENDER_0/s3_op1_reg_7_/D (SDFFX1_LVT)
                                   5.86 f         5.80           0.14    -0.06   SYS_CLK  func_slow
I_BLENDER_1/R_280/D (SDFFX1_LVT)   5.95 f         5.89           0.15    -0.06   SYS_CLK  func_slow
I_BLENDER_0/s3_op1_reg_21_/D (SDFFX1_LVT)
                                   5.92 f         5.87           0.14    -0.06   SYS_CLK  func_slow
I_BLENDER_0/s3_op2_reg_30_/D (SDFFX1_LVT)
                                   5.93 f         5.87           0.14    -0.05   SYS_CLK  func_slow
I_BLENDER_0/s3_op1_reg_20_/D (SDFFX1_LVT)
                                   5.88 f         5.85           0.14    -0.04   SYS_CLK  func_slow
I_BLENDER_0/R_165/D (SDFFX1_LVT)   5.92 f         5.89           0.19    -0.04   SYS_CLK  func_slow
I_BLENDER_0/s4_op2_reg_17_/D (SDFFX1_LVT)
                                   5.96 f         5.93           0.18    -0.03   SYS_CLK  func_slow
I_BLENDER_0/s3_op2_reg_27_/D (SDFFX2_LVT)
                                   5.81 f         5.78           0.14    -0.03   SYS_CLK  func_slow
I_BLENDER_1/s4_op1_reg_19_/D (SDFFX1_LVT)
                                   5.91 f         5.88           0.15    -0.02   SYS_CLK  func_slow
I_BLENDER_1/s4_op2_reg_15_/D (SDFFX1_LVT)
                                   5.91 f         5.89           0.15    -0.02   SYS_CLK  func_slow
I_BLENDER_1/R_273/D (SDFFX1_LVT)   5.90 f         5.88           0.15    -0.02   SYS_CLK  func_slow
I_BLENDER_1/s3_op1_reg_31_/D (SDFFX1_LVT)
                                   5.91 f         5.89           0.15    -0.02   SYS_CLK  func_slow
I_BLENDER_1/R_484/D (SDFFX1_LVT)   6.03 r         6.02           0.19    -0.01   SYS_CLK  func_slow
I_BLENDER_0/s4_op2_reg_19_/D (SDFFX1_LVT)
                                   5.93 f         5.92           0.18    -0.01   SYS_CLK  func_slow
I_BLENDER_1/s4_op1_reg_13_/D (SDFFX1_LVT)
                                   5.92 f         5.91           0.15    -0.01   SYS_CLK  func_slow
I_BLENDER_1/R_396/D (SDFFX1_LVT)   5.87 f         5.87           0.15    -0.01   SYS_CLK  func_slow
I_BLENDER_1/R_346/D (SDFFX1_LVT)   5.89 f         5.88           0.15    -0.00   SYS_CLK  func_slow
I_BLENDER_1/s3_op1_reg_27_/D (SDFFX2_LVT)
                                   5.81 f         5.81           0.15    -0.00   SYS_CLK  func_slow
I_BLENDER_0/s4_op2_reg_16_/D (SDFFX1_LVT)
                                   5.91 f         5.91           0.18    -0.00   SYS_CLK  func_slow
I_PCI_TOP/I_PCI_WRITE_FIFO_PCI_FIFO_RAM_2/I1[1] (SRAM2RW32x4)
                                   6.11 f         6.11           0.02    -0.00   SYS_CLK  func_slow
I_SDRAM_TOP/I_SDRAM_IF/R_10/D (SDFFASX1_LVT)
                                   4.77 r         4.74           0.06    -0.03   SDRAM_CLK
                                                                                          func_slow
I_SDRAM_TOP/I_SDRAM_IF/mega_shift_1_reg_31__7_/D (SDFFNARX1_HVT)
                                   5.61 f         5.61           0.11    -0.00   SDRAM_CLK
                                                                                          func_slow
I_SDRAM_TOP/I_SDRAM_IF/mega_shift_0_reg_16__16_/D (SDFFARX1_RVT)
                                   4.29 f         4.28           0.09    -0.00   SDRAM_CLK
                                                                                          func_slow
I_SDRAM_TOP/I_SDRAM_IF/mega_shift_1_reg_18__7_/D (SDFFNARX1_HVT)
                                   5.55 f         5.55           0.10    -0.00   SDRAM_CLK
                                                                                          func_slow
I_SDRAM_TOP/I_SDRAM_IF/mega_shift_1_reg_6__23_/D (SDFFNARX1_HVT)
                                   5.57 f         5.57           0.09    -0.00   SDRAM_CLK
                                                                                          func_slow
I_SDRAM_TOP/I_SDRAM_IF/mega_shift_1_reg_37__0_/D (SDFFNARX2_RVT)
                                   6.30 f         6.30           0.09    -0.00   SDRAM_CLK
                                                                                          func_slow

   early_timing
   -----------

Information: Timer using 'SI, Timing Window Analysis, CRPR'. (TIM-050)
Endpoint                         Path Delay     Path Required       CRP    Slack Group    Scenario
----------------------------------------------------------------------------------------------------------
I_SDRAM_TOP/I_SDRAM_IF/DQ_in_0_reg_20_/D (SDFFX2_HVT)
                                   0.68 r         1.03          -0.00    -0.35   SDRAM_CLK
                                                                                          func_slow
I_SDRAM_TOP/I_SDRAM_IF/DQ_in_1_reg_20_/D (SDFFNX2_RVT)
                                   2.73 r         3.04          -0.00    -0.31   SDRAM_CLK
                                                                                          func_slow
I_SDRAM_TOP/I_SDRAM_IF/DQ_in_1_reg_24_/D (SDFFNX2_RVT)
                                   2.73 r         3.03          -0.00    -0.30   SDRAM_CLK
                                                                                          func_slow
I_SDRAM_TOP/I_SDRAM_IF/DQ_in_0_reg_24_/D (SDFFX1_RVT)
                                   0.68 r         0.87          -0.00    -0.19   SDRAM_CLK
                                                                                          func_slow

   Mode: func Corner: slow
   Scenario: func_slow
   max_transition                                                              
                             Required        Actual                            
   Net                      Transition     Transition        Slack  Violation  
  ---------------------------------------------------------------------------
   sd_DQ_in[17]                 0.61           1.07          -0.47  (VIOLATED) 
     PORT: sd_DQ_in[17]         0.61           1.07          -0.47  (VIOLATED) 
     PIN : I_SDRAM_TOP/I_SDRAM_IF/ZINV_inst_3323/A
                                1.02           1.07          -0.05  (VIOLATED) 

   sd_DQ_in[7]                  0.61           1.01          -0.40  (VIOLATED) 
     PORT: sd_DQ_in[7]          0.61           1.01          -0.40  (VIOLATED) 

   sd_DQ_in[1]                  0.61           0.90          -0.29  (VIOLATED) 
     PORT: sd_DQ_in[1]          0.61           0.90          -0.29  (VIOLATED) 

   I_BLENDER_1/n7689            0.20           0.43          -0.24  (VIOLATED) 
     PIN : I_BLENDER_1/s3_op2_reg_9_/QN
                                0.20           0.43          -0.24  (VIOLATED) 

   sd_DQ_in[15]                 0.61           0.82          -0.22  (VIOLATED) 
     PORT: sd_DQ_in[15]         0.61           0.82          -0.22  (VIOLATED) 

   sd_DQ_in[28]                 0.61           0.80          -0.19  (VIOLATED) 
     PORT: sd_DQ_in[28]         0.61           0.80          -0.19  (VIOLATED) 

   sd_DQ_in[0]                  0.61           0.78          -0.18  (VIOLATED) 
     PORT: sd_DQ_in[0]          0.61           0.78          -0.18  (VIOLATED) 

   sd_DQ_in[19]                 0.61           0.77          -0.16  (VIOLATED) 
     PORT: sd_DQ_in[19]         0.61           0.77          -0.16  (VIOLATED) 

   sd_DQ_in[6]                  0.61           0.75          -0.14  (VIOLATED) 
     PORT: sd_DQ_in[6]          0.61           0.75          -0.14  (VIOLATED) 

   I_BLENDER_0/ZINV_1644        0.62           0.71          -0.09  (VIOLATED) 
     PIN : I_BLENDER_0/ZINV_inst_4695/Y
                                0.62           0.71          -0.09  (VIOLATED) 

   n528                         0.07           0.16          -0.09  (VIOLATED) 
     PIN : I_RISC_CORE/I_INSTRN_LAT_Crnt_Instrn_2_reg_22_/Q
                                0.07           0.16          -0.09  (VIOLATED) 

   n532                         0.07           0.16          -0.09  (VIOLATED) 
     PIN : I_RISC_CORE/I_INSTRN_LAT_Crnt_Instrn_2_reg_18_/Q
                                0.07           0.16          -0.09  (VIOLATED) 

   I_BLENDER_0/n7037            0.20           0.28          -0.08  (VIOLATED) 
     PIN : I_BLENDER_0/R_547/QN
                                0.20           0.28          -0.08  (VIOLATED) 

   sd_DQ_in[14]                 0.61           0.68          -0.08  (VIOLATED) 
     PORT: sd_DQ_in[14]         0.61           0.68          -0.08  (VIOLATED) 

   n530                         0.07           0.13          -0.06  (VIOLATED) 
     PIN : I_RISC_CORE/I_INSTRN_LAT_Crnt_Instrn_2_reg_20_/Q
                                0.07           0.13          -0.06  (VIOLATED) 

   n531                         0.07           0.13          -0.06  (VIOLATED) 
     PIN : I_RISC_CORE/I_INSTRN_LAT_Crnt_Instrn_2_reg_19_/Q
                                0.07           0.13          -0.06  (VIOLATED) 

   n551                         0.07           0.12          -0.06  (VIOLATED) 
     PIN : I_RISC_CORE/I_INSTRN_LAT_Crnt_Instrn_2_reg_0_/Q
                                0.07           0.12          -0.06  (VIOLATED) 

   n546                         0.13           0.18          -0.05  (VIOLATED) 
     PIN : I_RISC_CORE/I_INSTRN_LAT_Crnt_Instrn_2_reg_5_/Q
                                0.13           0.18          -0.05  (VIOLATED) 

   I_SDRAM_TOP/I_SDRAM_READ_FIFO_wr_addr_2_
                                0.23           0.27          -0.05  (VIOLATED) 
     PIN : I_SDRAM_TOP/I_SDRAM_READ_FIFO_SD_FIFO_CTL_U1_count_int_reg_2_/Q
                                0.23           0.27          -0.05  (VIOLATED) 

   sd_DQ_in[12]                 0.61           0.65          -0.04  (VIOLATED) 
     PORT: sd_DQ_in[12]         0.61           0.65          -0.04  (VIOLATED) 

   I_BLENDER_0/n7067            0.20           0.23          -0.03  (VIOLATED) 
     PIN : I_BLENDER_0/s2_op1_reg_5_/QN
                                0.20           0.23          -0.03  (VIOLATED) 

   I_SDRAM_TOP/I_SDRAM_IF/control_bus[3]
                                0.13           0.16          -0.03  (VIOLATED) 
     PIN : I_SDRAM_TOP/I_SDRAM_IF/control_bus_reg_3_/Q
                                0.13           0.16          -0.03  (VIOLATED) 

   I_BLENDER_0/n7065            0.20           0.21          -0.01  (VIOLATED) 
     PIN : I_BLENDER_0/s2_op1_reg_29_/QN
                                0.20           0.21          -0.01  (VIOLATED) 

   I_RISC_CORE/Oprnd_B_1        0.07           0.08          -0.01  (VIOLATED) 
     PIN : I_RISC_CORE/I_DATA_PATH_Oprnd_B_reg_1_/Q
                                0.07           0.08          -0.01  (VIOLATED) 

   I_RISC_CORE/n516             0.10           0.11          -0.01  (VIOLATED) 
     PIN : I_RISC_CORE/I_PRGRM_CNT_TOP_I_PRGRM_FSM_Current_State_reg_2_/QN
                                0.10           0.11          -0.01  (VIOLATED) 

   I_RISC_CORE/Oprnd_A[7]       0.07           0.08          -0.01  (VIOLATED) 
     PIN : I_RISC_CORE/I_DATA_PATH_Oprnd_A_reg_7_/Q
                                0.07           0.08          -0.01  (VIOLATED) 

   I_BLENDER_0/n6976            0.20           0.20          -0.01  (VIOLATED) 
     PIN : I_BLENDER_0/s2_op1_reg_14_/QN
                                0.20           0.20          -0.01  (VIOLATED) 

   sd_DQ_in[4]                  0.61           0.61          -0.00  (VIOLATED) 
     PORT: sd_DQ_in[4]          0.61           0.61          -0.00  (VIOLATED) 

   I_BLENDER_1/n7690            0.20           0.20          -0.00  (VIOLATED) 
     PIN : I_BLENDER_1/s3_op1_reg_21_/QN
                                0.20           0.20          -0.00  (VIOLATED) 

   I_BLENDER_0/n7045            0.20           0.20          -0.00  (VIOLATED) 
     PIN : I_BLENDER_0/s2_op1_reg_9_/QN
                                0.20           0.20          -0.00  (VIOLATED) 

   I_BLENDER_0/n7066            0.20           0.20          -0.00  (VIOLATED) 
     PIN : I_BLENDER_0/R_110/QN
                                0.20           0.20          -0.00  (VIOLATED) 

  ---------------------------------------------------------------------------
   Number of max_transition violation(s): 31

   Mode: func Corner: slow
   Scenario: func_slow
   max_capacitance                                                             
                             Required        Actual                            
   Net                      Capacitance    Capacitance       Slack  Violation  
  ---------------------------------------------------------------------------
   net_pci_sys_read_data[14]
                               25.00         115.68         -90.68  (VIOLATED) 
     PIN : I_PCI_TOP/I_PCI_READ_FIFO_PCI_FIFO_RAM_4/O2[2]
                               25.00         115.68         -90.68  (VIOLATED) 

   net_pci_sys_read_data[4]    25.00         109.33         -84.33  (VIOLATED) 
     PIN : I_PCI_TOP/I_PCI_READ_FIFO_PCI_FIFO_RAM_2/O2[0]
                               25.00         109.33         -84.33  (VIOLATED) 

   net_pci_sys_read_data[6]    25.00         109.33         -84.33  (VIOLATED) 
     PIN : I_PCI_TOP/I_PCI_READ_FIFO_PCI_FIFO_RAM_2/O2[2]
                               25.00         109.33         -84.33  (VIOLATED) 

   net_pci_sys_read_data[7]    25.00         109.24         -84.24  (VIOLATED) 
     PIN : I_PCI_TOP/I_PCI_READ_FIFO_PCI_FIFO_RAM_2/O2[3]
                               25.00         109.24         -84.24  (VIOLATED) 

   net_pci_sys_read_data[15]
                               25.00         108.29         -83.29  (VIOLATED) 
     PIN : I_PCI_TOP/I_PCI_READ_FIFO_PCI_FIFO_RAM_4/O2[3]
                               25.00         108.29         -83.29  (VIOLATED) 

   net_pci_sys_read_data[12]
                               25.00         107.34         -82.34  (VIOLATED) 
     PIN : I_PCI_TOP/I_PCI_READ_FIFO_PCI_FIFO_RAM_4/O2[0]
                               25.00         107.34         -82.34  (VIOLATED) 

   net_pci_sys_read_data[13]
                               25.00         107.03         -82.03  (VIOLATED) 
     PIN : I_PCI_TOP/I_PCI_READ_FIFO_PCI_FIFO_RAM_4/O2[1]
                               25.00         107.03         -82.03  (VIOLATED) 

   net_pci_sys_read_data[5]    25.00         107.00         -82.00  (VIOLATED) 
     PIN : I_PCI_TOP/I_PCI_READ_FIFO_PCI_FIFO_RAM_2/O2[1]
                               25.00         107.00         -82.00  (VIOLATED) 

   net_pci_sys_read_data[8]    25.00         102.15         -77.15  (VIOLATED) 
     PIN : I_PCI_TOP/I_PCI_READ_FIFO_PCI_FIFO_RAM_3/O2[0]
                               25.00         102.15         -77.15  (VIOLATED) 

   net_pci_sys_read_data[0]    25.00         102.09         -77.09  (VIOLATED) 
     PIN : I_PCI_TOP/I_PCI_READ_FIFO_PCI_FIFO_RAM_1/O2[0]
                               25.00         102.09         -77.09  (VIOLATED) 

   net_pci_sys_read_data[1]    25.00         101.93         -76.93  (VIOLATED) 
     PIN : I_PCI_TOP/I_PCI_READ_FIFO_PCI_FIFO_RAM_1/O2[1]
                               25.00         101.93         -76.93  (VIOLATED) 

   net_pci_sys_read_data[9]    25.00         101.11         -76.11  (VIOLATED) 
     PIN : I_PCI_TOP/I_PCI_READ_FIFO_PCI_FIFO_RAM_3/O2[1]
                               25.00         101.11         -76.11  (VIOLATED) 

   net_pci_sys_read_data[2]    25.00         100.94         -75.94  (VIOLATED) 
     PIN : I_PCI_TOP/I_PCI_READ_FIFO_PCI_FIFO_RAM_1/O2[2]
                               25.00         100.94         -75.94  (VIOLATED) 

   net_pci_sys_read_data[10]
                               25.00         100.19         -75.19  (VIOLATED) 
     PIN : I_PCI_TOP/I_PCI_READ_FIFO_PCI_FIFO_RAM_3/O2[2]
                               25.00         100.19         -75.19  (VIOLATED) 

   net_pci_sys_read_data[3]    25.00          99.98         -74.98  (VIOLATED) 
     PIN : I_PCI_TOP/I_PCI_READ_FIFO_PCI_FIFO_RAM_1/O2[3]
                               25.00          99.98         -74.98  (VIOLATED) 

   net_pci_sys_read_data[11]
                               25.00          95.52         -70.52  (VIOLATED) 
     PIN : I_PCI_TOP/I_PCI_READ_FIFO_PCI_FIFO_RAM_3/O2[3]
                               25.00          95.52         -70.52  (VIOLATED) 

   sd_DQ_en[0]                168.00         233.98         -65.98  (VIOLATED) 
     PIN : ZBUF_inst_17038/Y
                              168.00         233.98         -65.98  (VIOLATED) 

   net_pci_sys_read_data[24]
                               25.00          86.12         -61.12  (VIOLATED) 
     PIN : I_PCI_TOP/I_PCI_READ_FIFO_PCI_FIFO_RAM_7/O2[0]
                               25.00          86.12         -61.12  (VIOLATED) 

   net_pci_sys_read_data[25]
                               25.00          85.74         -60.74  (VIOLATED) 
     PIN : I_PCI_TOP/I_PCI_READ_FIFO_PCI_FIFO_RAM_7/O2[1]
                               25.00          85.74         -60.74  (VIOLATED) 

   net_pci_sys_read_data[27]
                               25.00          85.66         -60.66  (VIOLATED) 
     PIN : I_PCI_TOP/I_PCI_READ_FIFO_PCI_FIFO_RAM_7/O2[3]
                               25.00          85.66         -60.66  (VIOLATED) 

   net_pci_sys_read_data[26]
                               25.00          85.39         -60.39  (VIOLATED) 
     PIN : I_PCI_TOP/I_PCI_READ_FIFO_PCI_FIFO_RAM_7/O2[2]
                               25.00          85.39         -60.39  (VIOLATED) 

   net_pci_sys_read_data[16]
                               25.00          81.76         -56.76  (VIOLATED) 
     PIN : I_PCI_TOP/I_PCI_READ_FIFO_PCI_FIFO_RAM_5/O2[0]
                               25.00          81.76         -56.76  (VIOLATED) 

   net_pci_sys_read_data[23]
                               25.00          81.22         -56.22  (VIOLATED) 
     PIN : I_PCI_TOP/I_PCI_READ_FIFO_PCI_FIFO_RAM_6/O2[3]
                               25.00          81.22         -56.22  (VIOLATED) 

   net_pci_sys_read_data[17]
                               25.00          81.19         -56.19  (VIOLATED) 
     PIN : I_PCI_TOP/I_PCI_READ_FIFO_PCI_FIFO_RAM_5/O2[1]
                               25.00          81.19         -56.19  (VIOLATED) 

   net_pci_sys_read_data[22]
                               25.00          81.12         -56.12  (VIOLATED) 
     PIN : I_PCI_TOP/I_PCI_READ_FIFO_PCI_FIFO_RAM_6/O2[2]
                               25.00          81.12         -56.12  (VIOLATED) 

   net_pci_sys_read_data[20]
                               25.00          80.88         -55.88  (VIOLATED) 
     PIN : I_PCI_TOP/I_PCI_READ_FIFO_PCI_FIFO_RAM_6/O2[0]
                               25.00          80.88         -55.88  (VIOLATED) 

   net_pci_sys_read_data[18]
                               25.00          80.71         -55.71  (VIOLATED) 
     PIN : I_PCI_TOP/I_PCI_READ_FIFO_PCI_FIFO_RAM_5/O2[2]
                               25.00          80.71         -55.71  (VIOLATED) 

   net_pci_sys_read_data[21]
                               25.00          80.50         -55.50  (VIOLATED) 
     PIN : I_PCI_TOP/I_PCI_READ_FIFO_PCI_FIFO_RAM_6/O2[1]
                               25.00          80.50         -55.50  (VIOLATED) 

   net_pci_sys_read_data[19]
                               25.00          79.15         -54.15  (VIOLATED) 
     PIN : I_PCI_TOP/I_PCI_READ_FIFO_PCI_FIFO_RAM_5/O2[3]
                               25.00          79.15         -54.15  (VIOLATED) 

   net_pci_sys_read_data[31]
                               25.00          73.65         -48.65  (VIOLATED) 
     PIN : I_PCI_TOP/I_PCI_READ_FIFO_PCI_FIFO_RAM_8/O2[3]
                               25.00          73.65         -48.65  (VIOLATED) 

   net_pci_sys_read_data[30]
                               25.00          71.84         -46.84  (VIOLATED) 
     PIN : I_PCI_TOP/I_PCI_READ_FIFO_PCI_FIFO_RAM_8/O2[2]
                               25.00          71.84         -46.84  (VIOLATED) 

   net_pci_sys_read_data[28]
                               25.00          71.83         -46.83  (VIOLATED) 
     PIN : I_PCI_TOP/I_PCI_READ_FIFO_PCI_FIFO_RAM_8/O2[0]
                               25.00          71.83         -46.83  (VIOLATED) 

   net_pci_sys_read_data[29]
                               25.00          71.28         -46.28  (VIOLATED) 
     PIN : I_PCI_TOP/I_PCI_READ_FIFO_PCI_FIFO_RAM_8/O2[1]
                               25.00          71.28         -46.28  (VIOLATED) 

   net_sd_sys_read_data[27]    25.00          67.52         -42.52  (VIOLATED) 
     PIN : I_SDRAM_TOP/I_SDRAM_READ_FIFO_SD_FIFO_RAM_0/O2[27]
                               25.00          67.52         -42.52  (VIOLATED) 

   net_sd_sys_read_data[23]    25.00          67.01         -42.01  (VIOLATED) 
     PIN : I_SDRAM_TOP/I_SDRAM_READ_FIFO_SD_FIFO_RAM_0/O2[23]
                               25.00          67.01         -42.01  (VIOLATED) 

   net_sd_sys_read_data[22]    25.00          66.35         -41.35  (VIOLATED) 
     PIN : I_SDRAM_TOP/I_SDRAM_READ_FIFO_SD_FIFO_RAM_0/O2[22]
                               25.00          66.35         -41.35  (VIOLATED) 

   net_sd_sys_read_data[3]     25.00          66.32         -41.32  (VIOLATED) 
     PIN : I_SDRAM_TOP/I_SDRAM_READ_FIFO_SD_FIFO_RAM_0/O2[3]
                               25.00          66.32         -41.32  (VIOLATED) 

   net_sd_sys_read_data[46]    25.00          65.90         -40.90  (VIOLATED) 
     PIN : I_SDRAM_TOP/I_SDRAM_READ_FIFO_SD_FIFO_RAM_1/O2[14]
                               25.00          65.90         -40.90  (VIOLATED) 

   net_sd_sys_read_data[62]    25.00          65.85         -40.85  (VIOLATED) 
     PIN : I_SDRAM_TOP/I_SDRAM_READ_FIFO_SD_FIFO_RAM_1/O2[30]
                               25.00          65.85         -40.85  (VIOLATED) 

   net_sd_sys_read_data[16]    25.00          65.73         -40.73  (VIOLATED) 
     PIN : I_SDRAM_TOP/I_SDRAM_READ_FIFO_SD_FIFO_RAM_0/O2[16]
                               25.00          65.73         -40.73  (VIOLATED) 

   net_sd_sys_read_data[8]     25.00          65.46         -40.46  (VIOLATED) 
     PIN : I_SDRAM_TOP/I_SDRAM_READ_FIFO_SD_FIFO_RAM_0/O2[8]
                               25.00          65.46         -40.46  (VIOLATED) 

   net_sd_sys_read_data[20]    25.00          65.41         -40.41  (VIOLATED) 
     PIN : I_SDRAM_TOP/I_SDRAM_READ_FIFO_SD_FIFO_RAM_0/O2[20]
                               25.00          65.41         -40.41  (VIOLATED) 

   net_sd_sys_read_data[17]    25.00          65.30         -40.30  (VIOLATED) 
     PIN : I_SDRAM_TOP/I_SDRAM_READ_FIFO_SD_FIFO_RAM_0/O2[17]
                               25.00          65.30         -40.30  (VIOLATED) 

   net_sd_sys_read_data[12]    25.00          64.92         -39.92  (VIOLATED) 
     PIN : I_SDRAM_TOP/I_SDRAM_READ_FIFO_SD_FIFO_RAM_0/O2[12]
                               25.00          64.92         -39.92  (VIOLATED) 

   net_sd_sys_read_data[0]     25.00          64.67         -39.67  (VIOLATED) 
     PIN : I_SDRAM_TOP/I_SDRAM_READ_FIFO_SD_FIFO_RAM_0/O2[0]
                               25.00          64.67         -39.67  (VIOLATED) 

   net_sd_sys_read_data[7]     25.00          64.57         -39.57  (VIOLATED) 
     PIN : I_SDRAM_TOP/I_SDRAM_READ_FIFO_SD_FIFO_RAM_0/O2[7]
                               25.00          64.57         -39.57  (VIOLATED) 

   net_sd_sys_read_data[2]     25.00          64.57         -39.57  (VIOLATED) 
     PIN : I_SDRAM_TOP/I_SDRAM_READ_FIFO_SD_FIFO_RAM_0/O2[2]
                               25.00          64.57         -39.57  (VIOLATED) 

   net_sd_sys_read_data[1]     25.00          64.53         -39.53  (VIOLATED) 
     PIN : I_SDRAM_TOP/I_SDRAM_READ_FIFO_SD_FIFO_RAM_0/O2[1]
                               25.00          64.53         -39.53  (VIOLATED) 

   net_sd_sys_read_data[18]    25.00          64.50         -39.50  (VIOLATED) 
     PIN : I_SDRAM_TOP/I_SDRAM_READ_FIFO_SD_FIFO_RAM_0/O2[18]
                               25.00          64.50         -39.50  (VIOLATED) 

   net_sd_sys_read_data[4]     25.00          64.45         -39.45  (VIOLATED) 
     PIN : I_SDRAM_TOP/I_SDRAM_READ_FIFO_SD_FIFO_RAM_0/O2[4]
                               25.00          64.45         -39.45  (VIOLATED) 

   net_sd_sys_read_data[21]    25.00          64.30         -39.30  (VIOLATED) 
     PIN : I_SDRAM_TOP/I_SDRAM_READ_FIFO_SD_FIFO_RAM_0/O2[21]
                               25.00          64.30         -39.30  (VIOLATED) 

   net_sd_sys_read_data[19]    25.00          64.27         -39.27  (VIOLATED) 
     PIN : I_SDRAM_TOP/I_SDRAM_READ_FIFO_SD_FIFO_RAM_0/O2[19]
                               25.00          64.27         -39.27  (VIOLATED) 

   net_sd_sys_read_data[9]     25.00          64.22         -39.22  (VIOLATED) 
     PIN : I_SDRAM_TOP/I_SDRAM_READ_FIFO_SD_FIFO_RAM_0/O2[9]
                               25.00          64.22         -39.22  (VIOLATED) 

   net_sd_sys_read_data[24]    25.00          64.04         -39.04  (VIOLATED) 
     PIN : I_SDRAM_TOP/I_SDRAM_READ_FIFO_SD_FIFO_RAM_0/O2[24]
                               25.00          64.04         -39.04  (VIOLATED) 

   net_sd_sys_read_data[6]     25.00          63.89         -38.89  (VIOLATED) 
     PIN : I_SDRAM_TOP/I_SDRAM_READ_FIFO_SD_FIFO_RAM_0/O2[6]
                               25.00          63.89         -38.89  (VIOLATED) 

   net_sd_sys_read_data[5]     25.00          63.80         -38.80  (VIOLATED) 
     PIN : I_SDRAM_TOP/I_SDRAM_READ_FIFO_SD_FIFO_RAM_0/O2[5]
                               25.00          63.80         -38.80  (VIOLATED) 

   net_sd_sys_read_data[10]    25.00          62.78         -37.78  (VIOLATED) 
     PIN : I_SDRAM_TOP/I_SDRAM_READ_FIFO_SD_FIFO_RAM_0/O2[10]
                               25.00          62.78         -37.78  (VIOLATED) 

   net_sd_sys_read_data[15]    25.00          62.72         -37.72  (VIOLATED) 
     PIN : I_SDRAM_TOP/I_SDRAM_READ_FIFO_SD_FIFO_RAM_0/O2[15]
                               25.00          62.72         -37.72  (VIOLATED) 

   net_sd_sys_read_data[31]    25.00          62.71         -37.71  (VIOLATED) 
     PIN : I_SDRAM_TOP/I_SDRAM_READ_FIFO_SD_FIFO_RAM_0/O2[31]
                               25.00          62.71         -37.71  (VIOLATED) 

   net_sd_sys_read_data[38]    25.00          62.70         -37.70  (VIOLATED) 
     PIN : I_SDRAM_TOP/I_SDRAM_READ_FIFO_SD_FIFO_RAM_1/O2[6]
                               25.00          62.70         -37.70  (VIOLATED) 

   net_sd_sys_read_data[26]    25.00          62.68         -37.68  (VIOLATED) 
     PIN : I_SDRAM_TOP/I_SDRAM_READ_FIFO_SD_FIFO_RAM_0/O2[26]
                               25.00          62.68         -37.68  (VIOLATED) 

   net_sd_sys_read_data[28]    25.00          62.64         -37.64  (VIOLATED) 
     PIN : I_SDRAM_TOP/I_SDRAM_READ_FIFO_SD_FIFO_RAM_0/O2[28]
                               25.00          62.64         -37.64  (VIOLATED) 

   net_sd_sys_read_data[30]    25.00          62.64         -37.64  (VIOLATED) 
     PIN : I_SDRAM_TOP/I_SDRAM_READ_FIFO_SD_FIFO_RAM_0/O2[30]
                               25.00          62.64         -37.64  (VIOLATED) 

   net_sd_sys_read_data[56]    25.00          62.36         -37.36  (VIOLATED) 
     PIN : I_SDRAM_TOP/I_SDRAM_READ_FIFO_SD_FIFO_RAM_1/O2[24]
                               25.00          62.36         -37.36  (VIOLATED) 

   net_sd_sys_read_data[11]    25.00          62.29         -37.29  (VIOLATED) 
     PIN : I_SDRAM_TOP/I_SDRAM_READ_FIFO_SD_FIFO_RAM_0/O2[11]
                               25.00          62.29         -37.29  (VIOLATED) 

   net_sd_sys_read_data[25]    25.00          62.19         -37.19  (VIOLATED) 
     PIN : I_SDRAM_TOP/I_SDRAM_READ_FIFO_SD_FIFO_RAM_0/O2[25]
                               25.00          62.19         -37.19  (VIOLATED) 

   net_sd_sys_read_data[14]    25.00          62.11         -37.11  (VIOLATED) 
     PIN : I_SDRAM_TOP/I_SDRAM_READ_FIFO_SD_FIFO_RAM_0/O2[14]
                               25.00          62.11         -37.11  (VIOLATED) 

   net_sd_sys_read_data[29]    25.00          61.77         -36.77  (VIOLATED) 
     PIN : I_SDRAM_TOP/I_SDRAM_READ_FIFO_SD_FIFO_RAM_0/O2[29]
                               25.00          61.77         -36.77  (VIOLATED) 

   net_sd_sys_read_data[13]    25.00          61.55         -36.55  (VIOLATED) 
     PIN : I_SDRAM_TOP/I_SDRAM_READ_FIFO_SD_FIFO_RAM_0/O2[13]
                               25.00          61.55         -36.55  (VIOLATED) 

   net_sd_sys_read_data[32]    25.00          61.15         -36.15  (VIOLATED) 
     PIN : I_SDRAM_TOP/I_SDRAM_READ_FIFO_SD_FIFO_RAM_1/O2[0]
                               25.00          61.15         -36.15  (VIOLATED) 

   net_sd_sys_read_data[35]    25.00          60.98         -35.98  (VIOLATED) 
     PIN : I_SDRAM_TOP/I_SDRAM_READ_FIFO_SD_FIFO_RAM_1/O2[3]
                               25.00          60.98         -35.98  (VIOLATED) 

   net_sd_sys_read_data[43]    25.00          60.59         -35.59  (VIOLATED) 
     PIN : I_SDRAM_TOP/I_SDRAM_READ_FIFO_SD_FIFO_RAM_1/O2[11]
                               25.00          60.59         -35.59  (VIOLATED) 

   net_sd_sys_read_data[37]    25.00          59.88         -34.88  (VIOLATED) 
     PIN : I_SDRAM_TOP/I_SDRAM_READ_FIFO_SD_FIFO_RAM_1/O2[5]
                               25.00          59.88         -34.88  (VIOLATED) 

   net_sd_sys_read_data[59]    25.00          59.76         -34.76  (VIOLATED) 
     PIN : I_SDRAM_TOP/I_SDRAM_READ_FIFO_SD_FIFO_RAM_1/O2[27]
                               25.00          59.76         -34.76  (VIOLATED) 

   net_sd_sys_read_data[51]    25.00          59.65         -34.65  (VIOLATED) 
     PIN : I_SDRAM_TOP/I_SDRAM_READ_FIFO_SD_FIFO_RAM_1/O2[19]
                               25.00          59.65         -34.65  (VIOLATED) 

   net_sd_sys_read_data[36]    25.00          59.54         -34.54  (VIOLATED) 
     PIN : I_SDRAM_TOP/I_SDRAM_READ_FIFO_SD_FIFO_RAM_1/O2[4]
                               25.00          59.54         -34.54  (VIOLATED) 

   net_sd_sys_read_data[33]    25.00          59.50         -34.50  (VIOLATED) 
     PIN : I_SDRAM_TOP/I_SDRAM_READ_FIFO_SD_FIFO_RAM_1/O2[1]
                               25.00          59.50         -34.50  (VIOLATED) 

   net_sd_sys_read_data[61]    25.00          58.88         -33.88  (VIOLATED) 
     PIN : I_SDRAM_TOP/I_SDRAM_READ_FIFO_SD_FIFO_RAM_1/O2[29]
                               25.00          58.88         -33.88  (VIOLATED) 

   net_sd_sys_read_data[54]    25.00          58.85         -33.85  (VIOLATED) 
     PIN : I_SDRAM_TOP/I_SDRAM_READ_FIFO_SD_FIFO_RAM_1/O2[22]
                               25.00          58.85         -33.85  (VIOLATED) 

   net_sd_sys_read_data[39]    25.00          58.50         -33.50  (VIOLATED) 
     PIN : I_SDRAM_TOP/I_SDRAM_READ_FIFO_SD_FIFO_RAM_1/O2[7]
                               25.00          58.50         -33.50  (VIOLATED) 

   net_sd_sys_read_data[60]    25.00          58.39         -33.39  (VIOLATED) 
     PIN : I_SDRAM_TOP/I_SDRAM_READ_FIFO_SD_FIFO_RAM_1/O2[28]
                               25.00          58.39         -33.39  (VIOLATED) 

   net_sd_sys_read_data[45]    25.00          58.06         -33.06  (VIOLATED) 
     PIN : I_SDRAM_TOP/I_SDRAM_READ_FIFO_SD_FIFO_RAM_1/O2[13]
                               25.00          58.06         -33.06  (VIOLATED) 

   net_sd_sys_read_data[47]    25.00          57.95         -32.95  (VIOLATED) 
     PIN : I_SDRAM_TOP/I_SDRAM_READ_FIFO_SD_FIFO_RAM_1/O2[15]
                               25.00          57.95         -32.95  (VIOLATED) 

   net_sd_sys_read_data[40]    25.00          57.92         -32.92  (VIOLATED) 
     PIN : I_SDRAM_TOP/I_SDRAM_READ_FIFO_SD_FIFO_RAM_1/O2[8]
                               25.00          57.92         -32.92  (VIOLATED) 

   net_sd_sys_read_data[63]    25.00          57.06         -32.06  (VIOLATED) 
     PIN : I_SDRAM_TOP/I_SDRAM_READ_FIFO_SD_FIFO_RAM_1/O2[31]
                               25.00          57.06         -32.06  (VIOLATED) 

   net_sd_sys_read_data[52]    25.00          56.95         -31.95  (VIOLATED) 
     PIN : I_SDRAM_TOP/I_SDRAM_READ_FIFO_SD_FIFO_RAM_1/O2[20]
                               25.00          56.95         -31.95  (VIOLATED) 

   net_sd_sys_read_data[53]    25.00          56.94         -31.94  (VIOLATED) 
     PIN : I_SDRAM_TOP/I_SDRAM_READ_FIFO_SD_FIFO_RAM_1/O2[21]
                               25.00          56.94         -31.94  (VIOLATED) 

   net_sd_sys_read_data[55]    25.00          56.84         -31.84  (VIOLATED) 
     PIN : I_SDRAM_TOP/I_SDRAM_READ_FIFO_SD_FIFO_RAM_1/O2[23]
                               25.00          56.84         -31.84  (VIOLATED) 

   net_sd_sys_read_data[48]    25.00          56.66         -31.66  (VIOLATED) 
     PIN : I_SDRAM_TOP/I_SDRAM_READ_FIFO_SD_FIFO_RAM_1/O2[16]
                               25.00          56.66         -31.66  (VIOLATED) 

   net_sd_sys_read_data[44]    25.00          56.34         -31.34  (VIOLATED) 
     PIN : I_SDRAM_TOP/I_SDRAM_READ_FIFO_SD_FIFO_RAM_1/O2[12]
                               25.00          56.34         -31.34  (VIOLATED) 

   net_sd_sys_read_data[34]    25.00          56.27         -31.27  (VIOLATED) 
     PIN : I_SDRAM_TOP/I_SDRAM_READ_FIFO_SD_FIFO_RAM_1/O2[2]
                               25.00          56.27         -31.27  (VIOLATED) 

   net_sd_sys_read_data[57]    25.00          56.13         -31.13  (VIOLATED) 
     PIN : I_SDRAM_TOP/I_SDRAM_READ_FIFO_SD_FIFO_RAM_1/O2[25]
                               25.00          56.13         -31.13  (VIOLATED) 

   net_sd_sys_read_data[58]    25.00          56.07         -31.07  (VIOLATED) 
     PIN : I_SDRAM_TOP/I_SDRAM_READ_FIFO_SD_FIFO_RAM_1/O2[26]
                               25.00          56.07         -31.07  (VIOLATED) 

   net_sd_sys_read_data[49]    25.00          55.61         -30.61  (VIOLATED) 
     PIN : I_SDRAM_TOP/I_SDRAM_READ_FIFO_SD_FIFO_RAM_1/O2[17]
                               25.00          55.61         -30.61  (VIOLATED) 

   net_sd_sys_read_data[50]    25.00          55.16         -30.16  (VIOLATED) 
     PIN : I_SDRAM_TOP/I_SDRAM_READ_FIFO_SD_FIFO_RAM_1/O2[18]
                               25.00          55.16         -30.16  (VIOLATED) 

   net_sd_sys_read_data[42]    25.00          55.09         -30.09  (VIOLATED) 
     PIN : I_SDRAM_TOP/I_SDRAM_READ_FIFO_SD_FIFO_RAM_1/O2[10]
                               25.00          55.09         -30.09  (VIOLATED) 

   sd_DQ_in[17]                16.00          45.26         -29.26  (VIOLATED) 
     PORT: sd_DQ_in[17]        16.00          45.26         -29.26  (VIOLATED) 

   net_sd_sys_read_data[41]    25.00          53.08         -28.08  (VIOLATED) 
     PIN : I_SDRAM_TOP/I_SDRAM_READ_FIFO_SD_FIFO_RAM_1/O2[9]
                               25.00          53.08         -28.08  (VIOLATED) 

   sd_DQ_in[7]                 16.00          42.45         -26.45  (VIOLATED) 
     PORT: sd_DQ_in[7]         16.00          42.45         -26.45  (VIOLATED) 

   n528                        16.00          42.08         -26.08  (VIOLATED) 
     PIN : I_RISC_CORE/I_INSTRN_LAT_Crnt_Instrn_2_reg_22_/Q
                               16.00          42.08         -26.08  (VIOLATED) 

   n532                        16.00          40.98         -24.98  (VIOLATED) 
     PIN : I_RISC_CORE/I_INSTRN_LAT_Crnt_Instrn_2_reg_18_/Q
                               16.00          40.98         -24.98  (VIOLATED) 

   sd_DQ_in[1]                 16.00          37.69         -21.69  (VIOLATED) 
     PORT: sd_DQ_in[1]         16.00          37.69         -21.69  (VIOLATED) 

   sd_DQ_in[15]                16.00          34.44         -18.44  (VIOLATED) 
     PORT: sd_DQ_in[15]        16.00          34.44         -18.44  (VIOLATED) 

   I_CONTEXT_MEM/context_data[99]
                               25.00          43.42         -18.42  (VIOLATED) 
     PIN : I_CONTEXT_MEM/I_CONTEXT_RAM_0_1/O2[3]
                               25.00          43.42         -18.42  (VIOLATED) 

   I_CONTEXT_MEM/context_data[101]
                               25.00          42.89         -17.89  (VIOLATED) 
     PIN : I_CONTEXT_MEM/I_CONTEXT_RAM_0_1/O2[5]
                               25.00          42.89         -17.89  (VIOLATED) 

   I_CONTEXT_MEM/context_data[102]
                               25.00          42.81         -17.81  (VIOLATED) 
     PIN : I_CONTEXT_MEM/I_CONTEXT_RAM_0_1/O2[6]
                               25.00          42.81         -17.81  (VIOLATED) 

   I_CONTEXT_MEM/context_data[98]
                               25.00          42.75         -17.75  (VIOLATED) 
     PIN : I_CONTEXT_MEM/I_CONTEXT_RAM_0_1/O2[2]
                               25.00          42.75         -17.75  (VIOLATED) 

   I_CONTEXT_MEM/context_data[100]
                               25.00          42.52         -17.52  (VIOLATED) 
     PIN : I_CONTEXT_MEM/I_CONTEXT_RAM_0_1/O2[4]
                               25.00          42.52         -17.52  (VIOLATED) 

   I_CONTEXT_MEM/context_data[97]
                               25.00          42.52         -17.52  (VIOLATED) 
     PIN : I_CONTEXT_MEM/I_CONTEXT_RAM_0_1/O2[1]
                               25.00          42.52         -17.52  (VIOLATED) 

   I_CONTEXT_MEM/context_data[103]
                               25.00          42.44         -17.44  (VIOLATED) 
     PIN : I_CONTEXT_MEM/I_CONTEXT_RAM_0_1/O2[7]
                               25.00          42.44         -17.44  (VIOLATED) 

   I_CONTEXT_MEM/context_data[107]
                               25.00          42.36         -17.36  (VIOLATED) 
     PIN : I_CONTEXT_MEM/I_CONTEXT_RAM_0_2/O2[3]
                               25.00          42.36         -17.36  (VIOLATED) 

   I_CONTEXT_MEM/context_data[96]
                               25.00          42.35         -17.35  (VIOLATED) 
     PIN : I_CONTEXT_MEM/I_CONTEXT_RAM_0_1/O2[0]
                               25.00          42.35         -17.35  (VIOLATED) 

   I_CONTEXT_MEM/context_data[111]
                               25.00          42.34         -17.34  (VIOLATED) 
     PIN : I_CONTEXT_MEM/I_CONTEXT_RAM_0_2/O2[7]
                               25.00          42.34         -17.34  (VIOLATED) 

   sd_DQ_in[28]                16.00          33.33         -17.33  (VIOLATED) 
     PORT: sd_DQ_in[28]        16.00          33.33         -17.33  (VIOLATED) 

   n530                        16.00          33.10         -17.10  (VIOLATED) 
     PIN : I_RISC_CORE/I_INSTRN_LAT_Crnt_Instrn_2_reg_20_/Q
                               16.00          33.10         -17.10  (VIOLATED) 

   I_CONTEXT_MEM/context_data[105]
                               25.00          42.07         -17.07  (VIOLATED) 
     PIN : I_CONTEXT_MEM/I_CONTEXT_RAM_0_2/O2[1]
                               25.00          42.07         -17.07  (VIOLATED) 

   n531                        16.00          32.86         -16.86  (VIOLATED) 
     PIN : I_RISC_CORE/I_INSTRN_LAT_Crnt_Instrn_2_reg_19_/Q
                               16.00          32.86         -16.86  (VIOLATED) 

   I_CONTEXT_MEM/context_data[106]
                               25.00          41.79         -16.79  (VIOLATED) 
     PIN : I_CONTEXT_MEM/I_CONTEXT_RAM_0_2/O2[2]
                               25.00          41.79         -16.79  (VIOLATED) 

   sd_DQ_in[0]                 16.00          32.74         -16.74  (VIOLATED) 
     PORT: sd_DQ_in[0]         16.00          32.74         -16.74  (VIOLATED) 

   I_CONTEXT_MEM/context_data[109]
                               25.00          41.71         -16.71  (VIOLATED) 
     PIN : I_CONTEXT_MEM/I_CONTEXT_RAM_0_2/O2[5]
                               25.00          41.71         -16.71  (VIOLATED) 

   sd_DQ_in[19]                16.00          32.06         -16.06  (VIOLATED) 
     PORT: sd_DQ_in[19]        16.00          32.06         -16.06  (VIOLATED) 

   I_CONTEXT_MEM/context_data[108]
                               25.00          40.83         -15.83  (VIOLATED) 
     PIN : I_CONTEXT_MEM/I_CONTEXT_RAM_0_2/O2[4]
                               25.00          40.83         -15.83  (VIOLATED) 

   I_CONTEXT_MEM/context_data[104]
                               25.00          40.69         -15.69  (VIOLATED) 
     PIN : I_CONTEXT_MEM/I_CONTEXT_RAM_0_2/O2[0]
                               25.00          40.69         -15.69  (VIOLATED) 

   I_CONTEXT_MEM/context_data[110]
                               25.00          40.35         -15.35  (VIOLATED) 
     PIN : I_CONTEXT_MEM/I_CONTEXT_RAM_0_2/O2[6]
                               25.00          40.35         -15.35  (VIOLATED) 

   sd_DQ_in[6]                 16.00          31.35         -15.35  (VIOLATED) 
     PORT: sd_DQ_in[6]         16.00          31.35         -15.35  (VIOLATED) 

   I_BLENDER_1/n7689            8.00          22.34         -14.34  (VIOLATED) 
     PIN : I_BLENDER_1/s3_op2_reg_9_/QN
                                8.00          22.34         -14.34  (VIOLATED) 

   I_CONTEXT_MEM/context_data[116]
                               25.00          38.12         -13.12  (VIOLATED) 
     PIN : I_CONTEXT_MEM/I_CONTEXT_RAM_0_3/O2[4]
                               25.00          38.12         -13.12  (VIOLATED) 

   I_CONTEXT_MEM/context_data[112]
                               25.00          38.08         -13.08  (VIOLATED) 
     PIN : I_CONTEXT_MEM/I_CONTEXT_RAM_0_3/O2[0]
                               25.00          38.08         -13.08  (VIOLATED) 

   I_CONTEXT_MEM/context_data[115]
                               25.00          37.73         -12.73  (VIOLATED) 
     PIN : I_CONTEXT_MEM/I_CONTEXT_RAM_0_3/O2[3]
                               25.00          37.73         -12.73  (VIOLATED) 

   I_CONTEXT_MEM/context_data[118]
                               25.00          37.70         -12.70  (VIOLATED) 
     PIN : I_CONTEXT_MEM/I_CONTEXT_RAM_0_3/O2[6]
                               25.00          37.70         -12.70  (VIOLATED) 

   I_CONTEXT_MEM/context_data[113]
                               25.00          37.65         -12.65  (VIOLATED) 
     PIN : I_CONTEXT_MEM/I_CONTEXT_RAM_0_3/O2[1]
                               25.00          37.65         -12.65  (VIOLATED) 

   sd_DQ_in[14]                16.00          28.34         -12.34  (VIOLATED) 
     PORT: sd_DQ_in[14]        16.00          28.34         -12.34  (VIOLATED) 

   I_CONTEXT_MEM/context_data[114]
                               25.00          37.21         -12.21  (VIOLATED) 
     PIN : I_CONTEXT_MEM/I_CONTEXT_RAM_0_3/O2[2]
                               25.00          37.21         -12.21  (VIOLATED) 

   I_CONTEXT_MEM/context_data[119]
                               25.00          36.89         -11.89  (VIOLATED) 
     PIN : I_CONTEXT_MEM/I_CONTEXT_RAM_0_3/O2[7]
                               25.00          36.89         -11.89  (VIOLATED) 

   I_CONTEXT_MEM/context_data[126]
                               25.00          36.67         -11.67  (VIOLATED) 
     PIN : I_CONTEXT_MEM/I_CONTEXT_RAM_0_4/O2[6]
                               25.00          36.67         -11.67  (VIOLATED) 

   I_CONTEXT_MEM/context_data[124]
                               25.00          36.60         -11.60  (VIOLATED) 
     PIN : I_CONTEXT_MEM/I_CONTEXT_RAM_0_4/O2[4]
                               25.00          36.60         -11.60  (VIOLATED) 

   I_CONTEXT_MEM/context_data[127]
                               25.00          36.50         -11.50  (VIOLATED) 
     PIN : I_CONTEXT_MEM/I_CONTEXT_RAM_0_4/O2[7]
                               25.00          36.50         -11.50  (VIOLATED) 

   I_CONTEXT_MEM/context_data[122]
                               25.00          36.11         -11.11  (VIOLATED) 
     PIN : I_CONTEXT_MEM/I_CONTEXT_RAM_0_4/O2[2]
                               25.00          36.11         -11.11  (VIOLATED) 

   sd_DQ_in[12]                16.00          27.04         -11.04  (VIOLATED) 
     PORT: sd_DQ_in[12]        16.00          27.04         -11.04  (VIOLATED) 

   I_CONTEXT_MEM/context_data[120]
                               25.00          36.01         -11.01  (VIOLATED) 
     PIN : I_CONTEXT_MEM/I_CONTEXT_RAM_0_4/O2[0]
                               25.00          36.01         -11.01  (VIOLATED) 

   I_CONTEXT_MEM/context_data[121]
                               25.00          35.87         -10.87  (VIOLATED) 
     PIN : I_CONTEXT_MEM/I_CONTEXT_RAM_0_4/O2[1]
                               25.00          35.87         -10.87  (VIOLATED) 

   I_RISC_CORE/I_REG_FILE_data_out_A[10]
                               25.00          35.78         -10.78  (VIOLATED) 
     PIN : I_RISC_CORE/I_REG_FILE_REG_FILE_A_RAM/O2[10]
                               25.00          35.78         -10.78  (VIOLATED) 

   I_CONTEXT_MEM/context_data[123]
                               25.00          35.72         -10.72  (VIOLATED) 
     PIN : I_CONTEXT_MEM/I_CONTEXT_RAM_0_4/O2[3]
                               25.00          35.72         -10.72  (VIOLATED) 

   I_CONTEXT_MEM/context_data[125]
                               25.00          35.58         -10.58  (VIOLATED) 
     PIN : I_CONTEXT_MEM/I_CONTEXT_RAM_0_4/O2[5]
                               25.00          35.58         -10.58  (VIOLATED) 

   I_SDRAM_TOP/net_sdram_if_wDQ[14]
                               25.00          35.02         -10.02  (VIOLATED) 
     PIN : I_SDRAM_TOP/I_SDRAM_WRITE_FIFO_SD_FIFO_RAM_0/O2[14]
                               25.00          35.02         -10.02  (VIOLATED) 

   I_RISC_CORE/I_REG_FILE_data_out_A[11]
                               25.00          34.62          -9.62  (VIOLATED) 
     PIN : I_RISC_CORE/I_REG_FILE_REG_FILE_A_RAM/O2[11]
                               25.00          34.62          -9.62  (VIOLATED) 

   I_SDRAM_TOP/net_sdram_if_wDQ[23]
                               25.00          34.56          -9.56  (VIOLATED) 
     PIN : I_SDRAM_TOP/I_SDRAM_WRITE_FIFO_SD_FIFO_RAM_0/O2[23]
                               25.00          34.56          -9.56  (VIOLATED) 

   n551                         8.00          17.43          -9.43  (VIOLATED) 
     PIN : I_RISC_CORE/I_INSTRN_LAT_Crnt_Instrn_2_reg_0_/Q
                                8.00          17.43          -9.43  (VIOLATED) 

   sd_DQ_in[4]                 16.00          25.29          -9.29  (VIOLATED) 
     PORT: sd_DQ_in[4]         16.00          25.29          -9.29  (VIOLATED) 

   I_RISC_CORE/I_REG_FILE_data_out_A[0]
                               25.00          33.27          -8.27  (VIOLATED) 
     PIN : I_RISC_CORE/I_REG_FILE_REG_FILE_A_RAM/O2[0]
                               25.00          33.27          -8.27  (VIOLATED) 

   n546                        16.00          24.13          -8.13  (VIOLATED) 
     PIN : I_RISC_CORE/I_INSTRN_LAT_Crnt_Instrn_2_reg_5_/Q
                               16.00          24.13          -8.13  (VIOLATED) 

   I_RISC_CORE/I_REG_FILE_data_out_A[12]
                               25.00          32.96          -7.96  (VIOLATED) 
     PIN : I_RISC_CORE/I_REG_FILE_REG_FILE_A_RAM/O2[12]
                               25.00          32.96          -7.96  (VIOLATED) 

   I_RISC_CORE/I_REG_FILE_data_out_A[1]
                               25.00          32.83          -7.83  (VIOLATED) 
     PIN : I_RISC_CORE/I_REG_FILE_REG_FILE_A_RAM/O2[1]
                               25.00          32.83          -7.83  (VIOLATED) 

   I_SDRAM_TOP/net_sdram_if_wDQ[24]
                               25.00          32.63          -7.63  (VIOLATED) 
     PIN : I_SDRAM_TOP/I_SDRAM_WRITE_FIFO_SD_FIFO_RAM_0/O2[24]
                               25.00          32.63          -7.63  (VIOLATED) 

   I_RISC_CORE/I_REG_FILE_data_out_A[3]
                               25.00          32.58          -7.58  (VIOLATED) 
     PIN : I_RISC_CORE/I_REG_FILE_REG_FILE_A_RAM/O2[3]
                               25.00          32.58          -7.58  (VIOLATED) 

   sd_DQ_in[8]                 16.00          23.42          -7.42  (VIOLATED) 
     PORT: sd_DQ_in[8]         16.00          23.42          -7.42  (VIOLATED) 

   pad_in[15]                  16.00          23.21          -7.21  (VIOLATED) 
     PORT: pad_in[15]          16.00          23.21          -7.21  (VIOLATED) 

   sd_DQ_in[2]                 16.00          22.72          -6.72  (VIOLATED) 
     PORT: sd_DQ_in[2]         16.00          22.72          -6.72  (VIOLATED) 

   pad_in[19]                  16.00          22.55          -6.55  (VIOLATED) 
     PORT: pad_in[19]          16.00          22.55          -6.55  (VIOLATED) 

   I_RISC_CORE/I_REG_FILE_data_out_A[5]
                               25.00          31.51          -6.51  (VIOLATED) 
     PIN : I_RISC_CORE/I_REG_FILE_REG_FILE_A_RAM/O2[5]
                               25.00          31.51          -6.51  (VIOLATED) 

   I_RISC_CORE/I_REG_FILE_data_out_A[2]
                               25.00          31.38          -6.38  (VIOLATED) 
     PIN : I_RISC_CORE/I_REG_FILE_REG_FILE_A_RAM/O2[2]
                               25.00          31.38          -6.38  (VIOLATED) 

   I_RISC_CORE/I_REG_FILE_data_out_A[4]
                               25.00          31.30          -6.30  (VIOLATED) 
     PIN : I_RISC_CORE/I_REG_FILE_REG_FILE_A_RAM/O2[4]
                               25.00          31.30          -6.30  (VIOLATED) 

   I_BLENDER_0/ZINV_1644        8.00          14.13          -6.13  (VIOLATED) 
     PIN : I_BLENDER_0/ZINV_inst_4695/Y
                                8.00          14.13          -6.13  (VIOLATED) 

   I_SDRAM_TOP/net_sdram_if_wDQ[12]
                               25.00          30.99          -5.99  (VIOLATED) 
     PIN : I_SDRAM_TOP/I_SDRAM_WRITE_FIFO_SD_FIFO_RAM_0/O2[12]
                               25.00          30.99          -5.99  (VIOLATED) 

   pad_in[8]                   16.00          21.92          -5.92  (VIOLATED) 
     PORT: pad_in[8]           16.00          21.92          -5.92  (VIOLATED) 

   I_SDRAM_TOP/I_SDRAM_READ_FIFO_wr_addr_2_
                                8.00          13.78          -5.78  (VIOLATED) 
     PIN : I_SDRAM_TOP/I_SDRAM_READ_FIFO_SD_FIFO_CTL_U1_count_int_reg_2_/Q
                                8.00          13.78          -5.78  (VIOLATED) 

   I_BLENDER_0/ZINV_1082       32.00          37.22          -5.22  (VIOLATED) 
     PIN : I_BLENDER_0/ZINV_inst_17333/Y
                               32.00          37.22          -5.22  (VIOLATED) 

   I_BLENDER_0/n7037            8.00          13.02          -5.02  (VIOLATED) 
     PIN : I_BLENDER_0/R_547/QN
                                8.00          13.02          -5.02  (VIOLATED) 

   pad_in[25]                  16.00          20.92          -4.92  (VIOLATED) 
     PORT: pad_in[25]          16.00          20.92          -4.92  (VIOLATED) 

   I_RISC_CORE/I_REG_FILE_data_out_A[9]
                               25.00          29.63          -4.63  (VIOLATED) 
     PIN : I_RISC_CORE/I_REG_FILE_REG_FILE_A_RAM/O2[9]
                               25.00          29.63          -4.63  (VIOLATED) 

   I_CONTEXT_MEM/context_data[55]
                               25.00          29.41          -4.41  (VIOLATED) 
     PIN : I_CONTEXT_MEM/I_CONTEXT_RAM_2_3/O2[7]
                               25.00          29.41          -4.41  (VIOLATED) 

   I_CONTEXT_MEM/context_data[61]
                               25.00          28.94          -3.94  (VIOLATED) 
     PIN : I_CONTEXT_MEM/I_CONTEXT_RAM_2_4/O2[5]
                               25.00          28.94          -3.94  (VIOLATED) 

   I_RISC_CORE/Oprnd_B_1       16.00          19.70          -3.70  (VIOLATED) 
     PIN : I_RISC_CORE/I_DATA_PATH_Oprnd_B_reg_1_/Q
                               16.00          19.70          -3.70  (VIOLATED) 

   I_RISC_CORE/I_REG_FILE_data_out_A[6]
                               25.00          28.69          -3.69  (VIOLATED) 
     PIN : I_RISC_CORE/I_REG_FILE_REG_FILE_A_RAM/O2[6]
                               25.00          28.69          -3.69  (VIOLATED) 

   I_RISC_CORE/I_REG_FILE_data_out_A[14]
                               25.00          28.65          -3.65  (VIOLATED) 
     PIN : I_RISC_CORE/I_REG_FILE_REG_FILE_A_RAM/O2[14]
                               25.00          28.65          -3.65  (VIOLATED) 

   I_BLENDER_0/ZBUF_781        32.00          35.59          -3.59  (VIOLATED) 
     PIN : I_BLENDER_0/ZBUF_inst_3256/Y
                               32.00          35.59          -3.59  (VIOLATED) 

   pad_in[6]                   16.00          19.26          -3.26  (VIOLATED) 
     PORT: pad_in[6]           16.00          19.26          -3.26  (VIOLATED) 

   I_RISC_CORE/I_REG_FILE_data_out_A[8]
                               25.00          28.13          -3.13  (VIOLATED) 
     PIN : I_RISC_CORE/I_REG_FILE_REG_FILE_A_RAM/O2[8]
                               25.00          28.13          -3.13  (VIOLATED) 

   pad_in[16]                  16.00          19.02          -3.02  (VIOLATED) 
     PORT: pad_in[16]          16.00          19.02          -3.02  (VIOLATED) 

   sd_DQ_in[11]                16.00          18.84          -2.84  (VIOLATED) 
     PORT: sd_DQ_in[11]        16.00          18.84          -2.84  (VIOLATED) 

   I_RISC_CORE/n516             8.00          10.78          -2.78  (VIOLATED) 
     PIN : I_RISC_CORE/I_PRGRM_CNT_TOP_I_PRGRM_FSM_Current_State_reg_2_/QN
                                8.00          10.78          -2.78  (VIOLATED) 

   I_RISC_CORE/I_REG_FILE_data_out_A[13]
                               25.00          27.53          -2.53  (VIOLATED) 
     PIN : I_RISC_CORE/I_REG_FILE_REG_FILE_A_RAM/O2[13]
                               25.00          27.53          -2.53  (VIOLATED) 

   I_RISC_CORE/Oprnd_A[7]      16.00          18.46          -2.46  (VIOLATED) 
     PIN : I_RISC_CORE/I_DATA_PATH_Oprnd_A_reg_7_/Q
                               16.00          18.46          -2.46  (VIOLATED) 

   I_RISC_CORE/I_REG_FILE_data_out_A[7]
                               25.00          27.36          -2.36  (VIOLATED) 
     PIN : I_RISC_CORE/I_REG_FILE_REG_FILE_A_RAM/O2[7]
                               25.00          27.36          -2.36  (VIOLATED) 

   I_RISC_CORE/RegPort_B[8]    25.00          27.29          -2.29  (VIOLATED) 
     PIN : I_RISC_CORE/I_REG_FILE_REG_FILE_B_RAM/O2[8]
                               25.00          27.29          -2.29  (VIOLATED) 

   pad_in[24]                  16.00          18.11          -2.11  (VIOLATED) 
     PORT: pad_in[24]          16.00          18.11          -2.11  (VIOLATED) 

   I_BLENDER_0/n7067            8.00          10.11          -2.11  (VIOLATED) 
     PIN : I_BLENDER_0/s2_op1_reg_5_/QN
                                8.00          10.11          -2.11  (VIOLATED) 

   I_SDRAM_TOP/I_SDRAM_IF/control_bus[3]
                                8.00          10.07          -2.07  (VIOLATED) 
     PIN : I_SDRAM_TOP/I_SDRAM_IF/control_bus_reg_3_/Q
                                8.00          10.07          -2.07  (VIOLATED) 

   I_RISC_CORE/RegPort_B[15]
                               25.00          26.88          -1.88  (VIOLATED) 
     PIN : I_RISC_CORE/I_REG_FILE_REG_FILE_B_RAM/O2[15]
                               25.00          26.88          -1.88  (VIOLATED) 

   I_PCI_TOP/n3200             16.00          17.29          -1.29  (VIOLATED) 
     PIN : I_PCI_TOP/I_PCI_CORE_mega_shift_reg_2__2_/Q
                               16.00          17.29          -1.29  (VIOLATED) 

   I_SDRAM_TOP/n270            16.00          17.25          -1.25  (VIOLATED) 
     PIN : I_SDRAM_TOP/U36/Y
                               16.00          17.25          -1.25  (VIOLATED) 

   I_SDRAM_TOP/net_sdram_if_wDQ[6]
                               25.00          26.10          -1.10  (VIOLATED) 
     PIN : I_SDRAM_TOP/I_SDRAM_WRITE_FIFO_SD_FIFO_RAM_0/O2[6]
                               25.00          26.10          -1.10  (VIOLATED) 

   I_BLENDER_0/ZINV_679         8.00           8.97          -0.97  (VIOLATED) 
     PIN : I_BLENDER_0/ZINV_inst_16783/Y
                                8.00           8.97          -0.97  (VIOLATED) 

   I_BLENDER_0/ZBUF_966        16.00          16.92          -0.92  (VIOLATED) 
     PIN : I_BLENDER_0/ZBUF_inst_3528/Y
                               16.00          16.92          -0.92  (VIOLATED) 

   I_BLENDER_0/n7065            8.00           8.86          -0.86  (VIOLATED) 
     PIN : I_BLENDER_0/s2_op1_reg_29_/QN
                                8.00           8.86          -0.86  (VIOLATED) 

   I_BLENDER_0/n791             8.00           8.77          -0.77  (VIOLATED) 
     PIN : I_BLENDER_0/U3239/Y
                                8.00           8.77          -0.77  (VIOLATED) 

   I_SDRAM_TOP/I_SDRAM_IF/HFSNET_11
                               82.00          82.53          -0.53  (VIOLATED) 
     PIN : I_SDRAM_TOP/I_SDRAM_IF/HFSBUF_217_7/Y
                               82.00          82.53          -0.53  (VIOLATED) 

   I_BLENDER_0/n6976            8.00           8.36          -0.36  (VIOLATED) 
     PIN : I_BLENDER_0/s2_op1_reg_14_/QN
                                8.00           8.36          -0.36  (VIOLATED) 

   I_RISC_CORE/Oprnd_A[3]      16.00          16.31          -0.31  (VIOLATED) 
     PIN : I_RISC_CORE/I_DATA_PATH_Oprnd_A_reg_3_/Q
                               16.00          16.31          -0.31  (VIOLATED) 

   pad_in[9]                   16.00          16.28          -0.28  (VIOLATED) 
     PORT: pad_in[9]           16.00          16.28          -0.28  (VIOLATED) 

   I_BLENDER_0/s2_op1[23]       8.00           8.27          -0.27  (VIOLATED) 
     PIN : I_BLENDER_0/s2_op1_reg_23_/Q
                                8.00           8.27          -0.27  (VIOLATED) 

   I_PCI_TOP/n3278              8.00           8.27          -0.27  (VIOLATED) 
     PIN : I_PCI_TOP/I_PCI_CORE_mega_shift_reg_2__20_/Q
                                8.00           8.27          -0.27  (VIOLATED) 

   I_BLENDER_0/trans3           8.00           8.25          -0.25  (VIOLATED) 
     PIN : I_BLENDER_0/trans3_reg/Q
                                8.00           8.25          -0.25  (VIOLATED) 

   I_BLENDER_1/n7690            8.00           8.22          -0.22  (VIOLATED) 
     PIN : I_BLENDER_1/s3_op1_reg_21_/QN
                                8.00           8.22          -0.22  (VIOLATED) 

   I_BLENDER_1/s3_op2_13        8.00           8.20          -0.20  (VIOLATED) 
     PIN : I_BLENDER_1/s3_op2_reg_13_/Q
                                8.00           8.20          -0.20  (VIOLATED) 

   HFSNET_53                   16.00          16.19          -0.19  (VIOLATED) 
     PIN : U474/Y              16.00          16.19          -0.19  (VIOLATED) 

   I_PCI_TOP/ZINV_1135         16.00          16.15          -0.15  (VIOLATED) 
     PIN : I_PCI_TOP/ZINV_inst_17392/Y
                               16.00          16.15          -0.15  (VIOLATED) 

   I_CONTEXT_MEM/ZBUF_1445     32.00          32.15          -0.15  (VIOLATED) 
     PIN : I_CONTEXT_MEM/ZBUF_inst_18837/Y
                               32.00          32.15          -0.15  (VIOLATED) 

   pad_in[12]                  16.00          16.14          -0.14  (VIOLATED) 
     PORT: pad_in[12]          16.00          16.14          -0.14  (VIOLATED) 

   I_PCI_TOP/ZBUF_221          32.00          32.14          -0.14  (VIOLATED) 
     PIN : I_PCI_TOP/ZBUF_inst_16103/Y
                               32.00          32.14          -0.14  (VIOLATED) 

   I_BLENDER_1/ZINV_711         8.00           8.10          -0.10  (VIOLATED) 
     PIN : I_BLENDER_1/ZINV_inst_16834/Y
                                8.00           8.10          -0.10  (VIOLATED) 

   I_BLENDER_1/ZINV_3317        8.00           8.09          -0.09  (VIOLATED) 
     PIN : I_BLENDER_1/ZINV_inst_7880/Y
                                8.00           8.09          -0.09  (VIOLATED) 

   I_BLENDER_0/N338             8.00           8.09          -0.09  (VIOLATED) 
     PIN : I_BLENDER_0/U5433/Y
                                8.00           8.09          -0.09  (VIOLATED) 

   I_RISC_CORE/Oprnd_B_0        8.00           8.08          -0.08  (VIOLATED) 
     PIN : I_RISC_CORE/I_DATA_PATH_Oprnd_B_reg_0_/Q
                                8.00           8.08          -0.08  (VIOLATED) 

   I_PCI_TOP/ZINV_1050          8.00           8.08          -0.08  (VIOLATED) 
     PIN : I_PCI_TOP/ZINV_inst_17283/Y
                                8.00           8.08          -0.08  (VIOLATED) 

   I_PARSER/n478                8.00           8.08          -0.08  (VIOLATED) 
     PIN : I_PARSER/U18/Y       8.00           8.08          -0.08  (VIOLATED) 

   I_PCI_TOP/n3225              8.00           8.08          -0.08  (VIOLATED) 
     PIN : I_PCI_TOP/I_PCI_CORE_mega_shift_reg_4__11_/Q
                                8.00           8.08          -0.08  (VIOLATED) 

   I_PCI_TOP/n3401              8.00           8.08          -0.08  (VIOLATED) 
     PIN : I_PCI_TOP/I_PCI_CORE_mega_shift_reg_4__18_/Q
                                8.00           8.08          -0.08  (VIOLATED) 

   I_BLENDER_0/n1662            8.00           8.08          -0.08  (VIOLATED) 
     PIN : I_BLENDER_0/U901/S
                                8.00           8.08          -0.08  (VIOLATED) 

   I_PCI_TOP/intadd_194_B_2_
                               16.00          16.07          -0.07  (VIOLATED) 
     PIN : I_PCI_TOP/intadd_227_U7/S
                               16.00          16.07          -0.07  (VIOLATED) 

   I_BLENDER_1/ZINV_1520       16.00          16.07          -0.07  (VIOLATED) 
     PIN : I_BLENDER_1/ZINV_inst_18927/Y
                               16.00          16.07          -0.07  (VIOLATED) 

   I_BLENDER_1/N953            16.00          16.06          -0.06  (VIOLATED) 
     PIN : I_BLENDER_1/U6955/Y
                               16.00          16.06          -0.06  (VIOLATED) 

   I_BLENDER_1/n1222           16.00          16.06          -0.06  (VIOLATED) 
     PIN : I_BLENDER_1/U4444/Y
                               16.00          16.06          -0.06  (VIOLATED) 

   I_BLENDER_0/n7045            8.00           8.06          -0.06  (VIOLATED) 
     PIN : I_BLENDER_0/s2_op1_reg_9_/QN
                                8.00           8.06          -0.06  (VIOLATED) 

   I_BLENDER_0/ZBUF_1054       16.00          16.06          -0.06  (VIOLATED) 
     PIN : I_BLENDER_0/ZBUF_inst_17285/Y
                               16.00          16.06          -0.06  (VIOLATED) 

   I_BLENDER_0/ZINV_2250        8.00           8.05          -0.05  (VIOLATED) 
     PIN : I_BLENDER_0/ZINV_inst_5753/Y
                                8.00           8.05          -0.05  (VIOLATED) 

   I_PCI_TOP/I_PCI_CORE_N347
                                8.00           8.05          -0.05  (VIOLATED) 
     PIN : I_PCI_TOP/U3047/Y
                                8.00           8.05          -0.05  (VIOLATED) 

   I_PCI_TOP/n2636             16.00          16.05          -0.05  (VIOLATED) 
     PIN : I_PCI_TOP/U778/Y    16.00          16.05          -0.05  (VIOLATED) 

   I_SDRAM_TOP/I_SDRAM_IF/n1710
                                8.00           8.05          -0.05  (VIOLATED) 
     PIN : I_SDRAM_TOP/I_SDRAM_IF/mega_shift_1_reg_18__27_/Q
                                8.00           8.05          -0.05  (VIOLATED) 

   I_SDRAM_TOP/I_SDRAM_IF/HFSNET_1137
                               82.00          82.05          -0.05  (VIOLATED) 
     PIN : I_SDRAM_TOP/I_SDRAM_IF/HFSINV_101822_1160/Y
                               82.00          82.05          -0.05  (VIOLATED) 

   I_BLENDER_0/n3667           16.00          16.04          -0.04  (VIOLATED) 
     PIN : I_BLENDER_0/U5497/S
                               16.00          16.04          -0.04  (VIOLATED) 

   I_BLENDER_0/mult_x_28_n580
                                8.00           8.04          -0.04  (VIOLATED) 
     PIN : I_BLENDER_0/s3_op1_reg_28_/Q
                                8.00           8.04          -0.04  (VIOLATED) 

   I_PCI_TOP/I_PCI_CORE_N323
                                8.00           8.04          -0.04  (VIOLATED) 
     PIN : I_PCI_TOP/intadd_184_U14/S
                                8.00           8.04          -0.04  (VIOLATED) 

   I_RISC_CORE/Current_State[1]
                                8.00           8.04          -0.04  (VIOLATED) 
     PIN : I_RISC_CORE/I_PRGRM_CNT_TOP_I_PRGRM_FSM_Current_State_reg_1_/Q
                                8.00           8.04          -0.04  (VIOLATED) 

   I_BLENDER_0/ZINV_916        16.00          16.04          -0.04  (VIOLATED) 
     PIN : I_BLENDER_0/ZINV_inst_17108/Y
                               16.00          16.04          -0.04  (VIOLATED) 

   net_sd_wfifo_data_9          8.00           8.03          -0.03  (VIOLATED) 
     PIN : U302/Y               8.00           8.03          -0.03  (VIOLATED) 

   I_BLENDER_0/n7066            8.00           8.03          -0.03  (VIOLATED) 
     PIN : I_BLENDER_0/R_110/QN
                                8.00           8.03          -0.03  (VIOLATED) 

   I_PCI_TOP/n3244              8.00           8.03          -0.03  (VIOLATED) 
     PIN : I_PCI_TOP/I_PCI_CORE_mega_shift_reg_2__19_/Q
                                8.00           8.03          -0.03  (VIOLATED) 

   I_SDRAM_TOP/I_SDRAM_IF/ZINV_2257
                                8.00           8.03          -0.03  (VIOLATED) 
     PIN : I_SDRAM_TOP/I_SDRAM_IF/ZINV_inst_5765/Y
                                8.00           8.03          -0.03  (VIOLATED) 

   I_SDRAM_TOP/I_SDRAM_IF/HFSNET_745
                               32.00          32.02          -0.02  (VIOLATED) 
     PIN : I_SDRAM_TOP/I_SDRAM_IF/HFSBUF_56818_752/Y
                               32.00          32.02          -0.02  (VIOLATED) 

   I_SDRAM_TOP/I_SDRAM_IF/HFSNET_1770
                               32.00          32.02          -0.02  (VIOLATED) 
     PIN : I_SDRAM_TOP/I_SDRAM_IF/HFSINV_46618_1814/Y
                               32.00          32.02          -0.02  (VIOLATED) 

   I_PCI_TOP/intadd_194_n3     16.00          16.02          -0.02  (VIOLATED) 
     PIN : I_PCI_TOP/intadd_194_U4/CO
                               16.00          16.02          -0.02  (VIOLATED) 

   I_SDRAM_TOP/HFSNET_71       64.00          64.02          -0.02  (VIOLATED) 
     PIN : I_SDRAM_TOP/HFSBUF_418_39/Y
                               64.00          64.02          -0.02  (VIOLATED) 

   I_SDRAM_TOP/I_SDRAM_IF/HFSNET_1264
                               32.00          32.02          -0.02  (VIOLATED) 
     PIN : I_SDRAM_TOP/I_SDRAM_IF/HFSINV_41269_1287/Y
                               32.00          32.02          -0.02  (VIOLATED) 

   I_PCI_TOP/n3399              8.00           8.01          -0.01  (VIOLATED) 
     PIN : I_PCI_TOP/I_PCI_CORE_mega_shift_reg_8__26_/Q
                                8.00           8.01          -0.01  (VIOLATED) 

   I_SDRAM_TOP/I_SDRAM_IF/HFSNET_940
                               16.00          16.01          -0.01  (VIOLATED) 
     PIN : I_SDRAM_TOP/I_SDRAM_IF/HFSBUF_43505_947/Y
                               16.00          16.01          -0.01  (VIOLATED) 

   I_BLENDER_0/n6076           16.00          16.01          -0.01  (VIOLATED) 
     PIN : I_BLENDER_0/U824/Y
                               16.00          16.01          -0.01  (VIOLATED) 

   I_PCI_TOP/n2254              8.00           8.00          -0.00  (VIOLATED) 
     PIN : I_PCI_TOP/U612/CO
                                8.00           8.00          -0.00  (VIOLATED) 

   I_SDRAM_TOP/I_SDRAM_IF/HFSNET_938
                               32.00          32.00          -0.00  (VIOLATED) 
     PIN : I_SDRAM_TOP/I_SDRAM_IF/HFSBUF_46168_945/Y
                               32.00          32.00          -0.00  (VIOLATED) 

   I_SDRAM_TOP/I_SDRAM_IF/HFSNET_1187
                               16.00          16.00          -0.00  (VIOLATED) 
     PIN : I_SDRAM_TOP/I_SDRAM_IF/HFSBUF_7010_1210/Y
                               16.00          16.00          -0.00  (VIOLATED) 

  ---------------------------------------------------------------------------
   Number of max_capacitance violation(s): 250


   Mode: func Corner: slow
   Scenario: func_slow
  ---------------------------------------------------------------------------
   Number of min_capacitance violation(s): 0

   Total number of violation(s): 281
1
